###############################################################################
#                                                                             #
# IAR ANSI C/C++ Compiler V6.30.1.53127/W32 for ARM     22/Jun/2016  13:18:39 #
# Copyright 1999-2011 IAR Systems AB.                                         #
#                                                                             #
#    Cpu mode     =  thumb                                                    #
#    Endian       =  little                                                   #
#    Source file  =  F:\软件工程\平台正式代码001\Benze_MainBoard\baoma_36\ben #
#                    ci_newC_V45\Project\TW8836\FOSD.c                        #
#    Command line =  F:\软件工程\平台正式代码001\Benze_MainBoard\baoma_36\ben #
#                    ci_newC_V45\Project\TW8836\FOSD.c -D                     #
#                    USE_STDPERIPH_DRIVER -D USE_STM32100B_EVAL -D            #
#                    STM32F10X_CL -lc F:\软件工程\平台正式代码001\Benze_MainB #
#                    oard\baoma_36\benci_newC_V45\Project\STM32F10x_StdPeriph #
#                    _Template\EWARM\Debug\List\ -lA                          #
#                    F:\软件工程\平台正式代码001\Benze_MainBoard\baoma_36\ben #
#                    ci_newC_V45\Project\STM32F10x_StdPeriph_Template\EWARM\D #
#                    ebug\List\ -o F:\软件工程\平台正式代码001\Benze_MainBoar #
#                    d\baoma_36\benci_newC_V45\Project\STM32F10x_StdPeriph_Te #
#                    mplate\EWARM\Debug\Obj\ --no_cse --no_unroll             #
#                    --no_inline --no_code_motion --no_tbaa --no_clustering   #
#                    --no_scheduling --debug --endian=little --cpu=Cortex-M3  #
#                    -e --fpu=None --dlib_config "C:\Program Files\IAR        #
#                    Systems\Embedded Workbench 6.0_2\arm\INC\c\DLib_Config_F #
#                    ull.h" -I F:\软件工程\平台正式代码001\Benze_MainBoard\ba #
#                    oma_36\benci_newC_V45\Project\STM32F10x_StdPeriph_Templa #
#                    te\EWARM\ -I F:\软件工程\平台正式代码001\Benze_MainBoard #
#                    \baoma_36\benci_newC_V45\Project\STM32F10x_StdPeriph_Tem #
#                    plate\EWARM\..\ -I F:\软件工程\平台正式代码001\Benze_Mai #
#                    nBoard\baoma_36\benci_newC_V45\Project\STM32F10x_StdPeri #
#                    ph_Template\EWARM\..\..\..\Libraries\STM32F10x_StdPeriph #
#                    _Driver\inc\ -I F:\软件工程\平台正式代码001\Benze_MainBo #
#                    ard\baoma_36\benci_newC_V45\Project\STM32F10x_StdPeriph_ #
#                    Template\EWARM\..\..\..\Libraries\STM32F10x_StdPeriph_Dr #
#                    iver\src\ -I F:\软件工程\平台正式代码001\Benze_MainBoard #
#                    \baoma_36\benci_newC_V45\Project\STM32F10x_StdPeriph_Tem #
#                    plate\EWARM\..\..\..\Project/Common\ -I                  #
#                    F:\软件工程\平台正式代码001\Benze_MainBoard\baoma_36\ben #
#                    ci_newC_V45\Project\STM32F10x_StdPeriph_Template\EWARM\. #
#                    .\..\..\Project/TW8836\ -I F:\软件工程\平台正式代码001\B #
#                    enze_MainBoard\baoma_36\benci_newC_V45\Project\STM32F10x #
#                    _StdPeriph_Template\EWARM\..\..\..\Project/CAN\ -I       #
#                    F:\软件工程\平台正式代码001\Benze_MainBoard\baoma_36\ben #
#                    ci_newC_V45\Project\STM32F10x_StdPeriph_Template\EWARM\. #
#                    .\..\..\Project/FM\ -I F:\软件工程\平台正式代码001\Benze #
#                    _MainBoard\baoma_36\benci_newC_V45\Project\STM32F10x_Std #
#                    Periph_Template\EWARM\..\..\..\Project/ARM\ -I           #
#                    F:\软件工程\平台正式代码001\Benze_MainBoard\baoma_36\ben #
#                    ci_newC_V45\Project\STM32F10x_StdPeriph_Template\EWARM\. #
#                    .\..\..\Libraries\CMSIS\CM3\DeviceSupport\ST\STM32F10x\  #
#                    -On -I "C:\Program Files\IAR Systems\Embedded Workbench  #
#                    6.0_2\arm\CMSIS\Include\"                                #
#    List file    =  F:\软件工程\平台正式代码001\Benze_MainBoard\baoma_36\ben #
#                    ci_newC_V45\Project\STM32F10x_StdPeriph_Template\EWARM\D #
#                    ebug\List\FOSD.lst                                       #
#    Object file  =  F:\软件工程\平台正式代码001\Benze_MainBoard\baoma_36\ben #
#                    ci_newC_V45\Project\STM32F10x_StdPeriph_Template\EWARM\D #
#                    ebug\Obj\FOSD.o                                          #
#                                                                             #
#                                                                             #
###############################################################################

F:\软件工程\平台正式代码001\Benze_MainBoard\baoma_36\benci_newC_V45\Project\TW8836\FOSD.c
      1          #define __FOSD_C__
      2          
      3          
      4          #include "FOSD.h"
      5          #include "TW8836.h"
      6          
      7          
      8          


 

 


Errors: none
Warnings: none
