###############################################################################
#                                                                             #
# IAR ANSI C/C++ Compiler V6.30.1.53127/W32 for ARM     22/Jun/2016  13:18:40 #
# Copyright 1999-2011 IAR Systems AB.                                         #
#                                                                             #
#    Cpu mode     =  thumb                                                    #
#    Endian       =  little                                                   #
#    Source file  =  F:\软件工程\平台正式代码001\Benze_MainBoard\baoma_36\ben #
#                    ci_newC_V45\Project\Common\GPS.c                         #
#    Command line =  F:\软件工程\平台正式代码001\Benze_MainBoard\baoma_36\ben #
#                    ci_newC_V45\Project\Common\GPS.c -D                      #
#                    USE_STDPERIPH_DRIVER -D USE_STM32100B_EVAL -D            #
#                    STM32F10X_CL -lc F:\软件工程\平台正式代码001\Benze_MainB #
#                    oard\baoma_36\benci_newC_V45\Project\STM32F10x_StdPeriph #
#                    _Template\EWARM\Debug\List\ -lA                          #
#                    F:\软件工程\平台正式代码001\Benze_MainBoard\baoma_36\ben #
#                    ci_newC_V45\Project\STM32F10x_StdPeriph_Template\EWARM\D #
#                    ebug\List\ -o F:\软件工程\平台正式代码001\Benze_MainBoar #
#                    d\baoma_36\benci_newC_V45\Project\STM32F10x_StdPeriph_Te #
#                    mplate\EWARM\Debug\Obj\ --no_cse --no_unroll             #
#                    --no_inline --no_code_motion --no_tbaa --no_clustering   #
#                    --no_scheduling --debug --endian=little --cpu=Cortex-M3  #
#                    -e --fpu=None --dlib_config "C:\Program Files\IAR        #
#                    Systems\Embedded Workbench 6.0_2\arm\INC\c\DLib_Config_F #
#                    ull.h" -I F:\软件工程\平台正式代码001\Benze_MainBoard\ba #
#                    oma_36\benci_newC_V45\Project\STM32F10x_StdPeriph_Templa #
#                    te\EWARM\ -I F:\软件工程\平台正式代码001\Benze_MainBoard #
#                    \baoma_36\benci_newC_V45\Project\STM32F10x_StdPeriph_Tem #
#                    plate\EWARM\..\ -I F:\软件工程\平台正式代码001\Benze_Mai #
#                    nBoard\baoma_36\benci_newC_V45\Project\STM32F10x_StdPeri #
#                    ph_Template\EWARM\..\..\..\Libraries\STM32F10x_StdPeriph #
#                    _Driver\inc\ -I F:\软件工程\平台正式代码001\Benze_MainBo #
#                    ard\baoma_36\benci_newC_V45\Project\STM32F10x_StdPeriph_ #
#                    Template\EWARM\..\..\..\Libraries\STM32F10x_StdPeriph_Dr #
#                    iver\src\ -I F:\软件工程\平台正式代码001\Benze_MainBoard #
#                    \baoma_36\benci_newC_V45\Project\STM32F10x_StdPeriph_Tem #
#                    plate\EWARM\..\..\..\Project/Common\ -I                  #
#                    F:\软件工程\平台正式代码001\Benze_MainBoard\baoma_36\ben #
#                    ci_newC_V45\Project\STM32F10x_StdPeriph_Template\EWARM\. #
#                    .\..\..\Project/TW8836\ -I F:\软件工程\平台正式代码001\B #
#                    enze_MainBoard\baoma_36\benci_newC_V45\Project\STM32F10x #
#                    _StdPeriph_Template\EWARM\..\..\..\Project/CAN\ -I       #
#                    F:\软件工程\平台正式代码001\Benze_MainBoard\baoma_36\ben #
#                    ci_newC_V45\Project\STM32F10x_StdPeriph_Template\EWARM\. #
#                    .\..\..\Project/FM\ -I F:\软件工程\平台正式代码001\Benze #
#                    _MainBoard\baoma_36\benci_newC_V45\Project\STM32F10x_Std #
#                    Periph_Template\EWARM\..\..\..\Project/ARM\ -I           #
#                    F:\软件工程\平台正式代码001\Benze_MainBoard\baoma_36\ben #
#                    ci_newC_V45\Project\STM32F10x_StdPeriph_Template\EWARM\. #
#                    .\..\..\Libraries\CMSIS\CM3\DeviceSupport\ST\STM32F10x\  #
#                    -On -I "C:\Program Files\IAR Systems\Embedded Workbench  #
#                    6.0_2\arm\CMSIS\Include\"                                #
#    List file    =  F:\软件工程\平台正式代码001\Benze_MainBoard\baoma_36\ben #
#                    ci_newC_V45\Project\STM32F10x_StdPeriph_Template\EWARM\D #
#                    ebug\List\GPS.lst                                        #
#    Object file  =  F:\软件工程\平台正式代码001\Benze_MainBoard\baoma_36\ben #
#                    ci_newC_V45\Project\STM32F10x_StdPeriph_Template\EWARM\D #
#                    ebug\Obj\GPS.o                                           #
#                                                                             #
#                                                                             #
###############################################################################

F:\软件工程\平台正式代码001\Benze_MainBoard\baoma_36\benci_newC_V45\Project\Common\GPS.c
      1          #define __GPS_C__
      2          #include "includes.h"
      3          
      4          void Navi_Controll_Send(BYTE cmd)
      5          {
      6               BYTE temp;
      7          	 BYTE checksum=0;
      8          	 temp=cmd;
      9          
     10              USART_SendData(USART3, 0x51);
     11              while (USART_GetFlagStatus(USART3, USART_FLAG_TXE) == RESET);
     12              USART_SendData(USART3, 0);
     13              while (USART_GetFlagStatus(USART3, USART_FLAG_TXE) == RESET);
     14              USART_SendData(USART3, temp);
     15              while (USART_GetFlagStatus(USART3, USART_FLAG_TXE) == RESET);
     16              USART_SendData(USART3, 0);
     17              while (USART_GetFlagStatus(USART3, USART_FLAG_TXE) == RESET);
     18              USART_SendData(USART3, 0);
     19              while (USART_GetFlagStatus(USART3, USART_FLAG_TXE) == RESET);
     20              checksum = 0x51 + temp;
     21              checksum = ~checksum;
     22              USART_SendData(USART3, checksum);
     23              while (USART_GetFlagStatus(USART3, USART_FLAG_TXE) == RESET);
     24          }
     25          
     26          void Navi_Cmd_Proc(void)
     27          {
     28             if(!gNaviCnt)
     29             {
     30                      if(gNaviSystemOn)
     31                  {
     32                    // gNaviSystemOn=0;
     33                     //gNaviCnt=600;
     34          		}
     35                 if(gNaviSendFlag)
     36                 {
     37                         
     38          	       Navi_Controll_Send(CMD_RT_BTGPS_on_GPS);//miller.tao20160323
     39          	       gNaviSendFlag = 0;
     40          	
     41          	   }
     42             }
     43          }
     44          

   Maximum stack usage in bytes:

   .cstack Function
   ------- --------
        8  Navi_Cmd_Proc
              8 -> Navi_Controll_Send
       16  Navi_Controll_Send
             16 -> USART_GetFlagStatus
             16 -> USART_SendData


   Section sizes:

   Bytes  Function/Label
   -----  --------------
       4  ??DataTable1
       4  ??DataTable1_1
       4  ??DataTable1_2
      32  Navi_Cmd_Proc
     148  Navi_Controll_Send
       2  gNaviCnt
       1  gNaviSendFlag
       1  gNaviSystemOn
    1344  g_GPS_DATA

 
 1 348 bytes in section .bss
   192 bytes in section .text
 
   192 bytes of CODE memory
 1 348 bytes of DATA memory

Errors: none
Warnings: none
