###############################################################################
#                                                                             #
# IAR ANSI C/C++ Compiler V6.30.1.53127/W32 for ARM     22/Jun/2016  13:18:43 #
# Copyright 1999-2011 IAR Systems AB.                                         #
#                                                                             #
#    Cpu mode     =  thumb                                                    #
#    Endian       =  little                                                   #
#    Source file  =  F:\软件工程\平台正式代码001\Benze_MainBoard\baoma_36\ben #
#                    ci_newC_V45\Project\Common\libr.c                        #
#    Command line =  F:\软件工程\平台正式代码001\Benze_MainBoard\baoma_36\ben #
#                    ci_newC_V45\Project\Common\libr.c -D                     #
#                    USE_STDPERIPH_DRIVER -D USE_STM32100B_EVAL -D            #
#                    STM32F10X_CL -lc F:\软件工程\平台正式代码001\Benze_MainB #
#                    oard\baoma_36\benci_newC_V45\Project\STM32F10x_StdPeriph #
#                    _Template\EWARM\Debug\List\ -lA                          #
#                    F:\软件工程\平台正式代码001\Benze_MainBoard\baoma_36\ben #
#                    ci_newC_V45\Project\STM32F10x_StdPeriph_Template\EWARM\D #
#                    ebug\List\ -o F:\软件工程\平台正式代码001\Benze_MainBoar #
#                    d\baoma_36\benci_newC_V45\Project\STM32F10x_StdPeriph_Te #
#                    mplate\EWARM\Debug\Obj\ --no_cse --no_unroll             #
#                    --no_inline --no_code_motion --no_tbaa --no_clustering   #
#                    --no_scheduling --debug --endian=little --cpu=Cortex-M3  #
#                    -e --fpu=None --dlib_config "C:\Program Files\IAR        #
#                    Systems\Embedded Workbench 6.0_2\arm\INC\c\DLib_Config_F #
#                    ull.h" -I F:\软件工程\平台正式代码001\Benze_MainBoard\ba #
#                    oma_36\benci_newC_V45\Project\STM32F10x_StdPeriph_Templa #
#                    te\EWARM\ -I F:\软件工程\平台正式代码001\Benze_MainBoard #
#                    \baoma_36\benci_newC_V45\Project\STM32F10x_StdPeriph_Tem #
#                    plate\EWARM\..\ -I F:\软件工程\平台正式代码001\Benze_Mai #
#                    nBoard\baoma_36\benci_newC_V45\Project\STM32F10x_StdPeri #
#                    ph_Template\EWARM\..\..\..\Libraries\STM32F10x_StdPeriph #
#                    _Driver\inc\ -I F:\软件工程\平台正式代码001\Benze_MainBo #
#                    ard\baoma_36\benci_newC_V45\Project\STM32F10x_StdPeriph_ #
#                    Template\EWARM\..\..\..\Libraries\STM32F10x_StdPeriph_Dr #
#                    iver\src\ -I F:\软件工程\平台正式代码001\Benze_MainBoard #
#                    \baoma_36\benci_newC_V45\Project\STM32F10x_StdPeriph_Tem #
#                    plate\EWARM\..\..\..\Project/Common\ -I                  #
#                    F:\软件工程\平台正式代码001\Benze_MainBoard\baoma_36\ben #
#                    ci_newC_V45\Project\STM32F10x_StdPeriph_Template\EWARM\. #
#                    .\..\..\Project/TW8836\ -I F:\软件工程\平台正式代码001\B #
#                    enze_MainBoard\baoma_36\benci_newC_V45\Project\STM32F10x #
#                    _StdPeriph_Template\EWARM\..\..\..\Project/CAN\ -I       #
#                    F:\软件工程\平台正式代码001\Benze_MainBoard\baoma_36\ben #
#                    ci_newC_V45\Project\STM32F10x_StdPeriph_Template\EWARM\. #
#                    .\..\..\Project/FM\ -I F:\软件工程\平台正式代码001\Benze #
#                    _MainBoard\baoma_36\benci_newC_V45\Project\STM32F10x_Std #
#                    Periph_Template\EWARM\..\..\..\Project/ARM\ -I           #
#                    F:\软件工程\平台正式代码001\Benze_MainBoard\baoma_36\ben #
#                    ci_newC_V45\Project\STM32F10x_StdPeriph_Template\EWARM\. #
#                    .\..\..\Libraries\CMSIS\CM3\DeviceSupport\ST\STM32F10x\  #
#                    -On -I "C:\Program Files\IAR Systems\Embedded Workbench  #
#                    6.0_2\arm\CMSIS\Include\"                                #
#    List file    =  F:\软件工程\平台正式代码001\Benze_MainBoard\baoma_36\ben #
#                    ci_newC_V45\Project\STM32F10x_StdPeriph_Template\EWARM\D #
#                    ebug\List\libr.lst                                       #
#    Object file  =  F:\软件工程\平台正式代码001\Benze_MainBoard\baoma_36\ben #
#                    ci_newC_V45\Project\STM32F10x_StdPeriph_Template\EWARM\D #
#                    ebug\Obj\libr.o                                          #
#                                                                             #
#                                                                             #
###############################################################################

F:\软件工程\平台正式代码001\Benze_MainBoard\baoma_36\benci_newC_V45\Project\Common\libr.c
      1          #define _LIBR_C_
      2          
      3          #include "libr.h"
      4          
      5          
      6          void delay_500us(void);
      7          void delay_100us(void);
      8          void delay_10us(void);
      9          void delay_5us(void);
     10          extern DWORD u32Systick;
     11          
     12          	
     13          void Delay_1ms (UINT count)
     14          {
     15          #if 1
     16          	u32Systick=0;
     17              for (;;)
     18              {
     19                  if (u32Systick >= count)
     20                  {
     21                      break;
     22                  }
     23              }
     24          	#endif
     25          }
     26          
     27          void delay_500us(void)
     28          {
     29          	 BYTE i=0;
     30          
     31          	 for(i=0;i<50;i++)
     32          		delay_10us();	
     33          }
     34          
     35          
     36          void delay_100us(void)
     37          {
     38          	 BYTE i=0;
     39          
     40          	 for(i=0;i<10;i++)
     41          		delay_10us();	
     42          }
     43          
     44          void delay_50us(void)
     45          {
     46          	 BYTE i=0;
     47          
     48          	 for(i=0;i<5;i++)
     49          		delay_10us();
     50          	 
     51          }
     52          
     53          void delay_10us(void)
     54          {
     55          	delay_5us();
     56          	delay_5us();
     57          }
     58          
     59          void delay_5us(void)
     60          {
     61          	delay_1us();
     62          	delay_1us();
     63          	delay_1us();
     64          	delay_1us();
     65          	delay_1us();	
     66          }
     67          
     68          //32M
     69          void delay_1us(void)
     70          {
     71            	  asm("nop");
     72          	  asm("nop");
     73          	  asm("nop");
     74          	  asm("nop");	  
     75          	  asm("nop");
     76          	  asm("nop");
     77          	  asm("nop");
     78          	  asm("nop");	  
     79          
     80            	  asm("nop");
     81          	  asm("nop");
     82          	  asm("nop");
     83          	  /*asm("nop");	  
     84          	  asm("nop");
     85          	  asm("nop");
     86          	  asm("nop");
     87          	  asm("nop");	  	
     88          
     89          	  asm("nop");//tiger add	 
     90          	  asm("nop");
     91          	  asm("nop");*/
     92          }
     93          
     94          
     95          
     96          
     97          
     98          
     99          

   Maximum stack usage in bytes:

   .cstack Function
   ------- --------
        0  Delay_1ms
        8  delay_100us
             8 -> delay_10us
        8  delay_10us
             8 -> delay_5us
        0  delay_1us
        8  delay_500us
             8 -> delay_10us
        8  delay_50us
             8 -> delay_10us
        8  delay_5us
             8 -> delay_1us


   Section sizes:

   Bytes  Function/Label
   -----  --------------
       4  ??DataTable0
      16  Delay_1ms
      24  delay_100us
      12  delay_10us
      24  delay_1us
      24  delay_500us
      24  delay_50us
      24  delay_5us

 
 152 bytes in section .text
 
 152 bytes of CODE memory

Errors: none
Warnings: none
