###############################################################################
#                                                                             #
# IAR ANSI C/C++ Compiler V6.30.1.53127/W32 for ARM     22/Jun/2016  13:18:46 #
# Copyright 1999-2011 IAR Systems AB.                                         #
#                                                                             #
#    Cpu mode     =  thumb                                                    #
#    Endian       =  little                                                   #
#    Source file  =  F:\软件工程\平台正式代码001\Benze_MainBoard\baoma_36\ben #
#                    ci_newC_V45\Project\FM\radiofm.c                         #
#    Command line =  F:\软件工程\平台正式代码001\Benze_MainBoard\baoma_36\ben #
#                    ci_newC_V45\Project\FM\radiofm.c -D                      #
#                    USE_STDPERIPH_DRIVER -D USE_STM32100B_EVAL -D            #
#                    STM32F10X_CL -lc F:\软件工程\平台正式代码001\Benze_MainB #
#                    oard\baoma_36\benci_newC_V45\Project\STM32F10x_StdPeriph #
#                    _Template\EWARM\Debug\List\ -lA                          #
#                    F:\软件工程\平台正式代码001\Benze_MainBoard\baoma_36\ben #
#                    ci_newC_V45\Project\STM32F10x_StdPeriph_Template\EWARM\D #
#                    ebug\List\ -o F:\软件工程\平台正式代码001\Benze_MainBoar #
#                    d\baoma_36\benci_newC_V45\Project\STM32F10x_StdPeriph_Te #
#                    mplate\EWARM\Debug\Obj\ --no_cse --no_unroll             #
#                    --no_inline --no_code_motion --no_tbaa --no_clustering   #
#                    --no_scheduling --debug --endian=little --cpu=Cortex-M3  #
#                    -e --fpu=None --dlib_config "C:\Program Files\IAR        #
#                    Systems\Embedded Workbench 6.0_2\arm\INC\c\DLib_Config_F #
#                    ull.h" -I F:\软件工程\平台正式代码001\Benze_MainBoard\ba #
#                    oma_36\benci_newC_V45\Project\STM32F10x_StdPeriph_Templa #
#                    te\EWARM\ -I F:\软件工程\平台正式代码001\Benze_MainBoard #
#                    \baoma_36\benci_newC_V45\Project\STM32F10x_StdPeriph_Tem #
#                    plate\EWARM\..\ -I F:\软件工程\平台正式代码001\Benze_Mai #
#                    nBoard\baoma_36\benci_newC_V45\Project\STM32F10x_StdPeri #
#                    ph_Template\EWARM\..\..\..\Libraries\STM32F10x_StdPeriph #
#                    _Driver\inc\ -I F:\软件工程\平台正式代码001\Benze_MainBo #
#                    ard\baoma_36\benci_newC_V45\Project\STM32F10x_StdPeriph_ #
#                    Template\EWARM\..\..\..\Libraries\STM32F10x_StdPeriph_Dr #
#                    iver\src\ -I F:\软件工程\平台正式代码001\Benze_MainBoard #
#                    \baoma_36\benci_newC_V45\Project\STM32F10x_StdPeriph_Tem #
#                    plate\EWARM\..\..\..\Project/Common\ -I                  #
#                    F:\软件工程\平台正式代码001\Benze_MainBoard\baoma_36\ben #
#                    ci_newC_V45\Project\STM32F10x_StdPeriph_Template\EWARM\. #
#                    .\..\..\Project/TW8836\ -I F:\软件工程\平台正式代码001\B #
#                    enze_MainBoard\baoma_36\benci_newC_V45\Project\STM32F10x #
#                    _StdPeriph_Template\EWARM\..\..\..\Project/CAN\ -I       #
#                    F:\软件工程\平台正式代码001\Benze_MainBoard\baoma_36\ben #
#                    ci_newC_V45\Project\STM32F10x_StdPeriph_Template\EWARM\. #
#                    .\..\..\Project/FM\ -I F:\软件工程\平台正式代码001\Benze #
#                    _MainBoard\baoma_36\benci_newC_V45\Project\STM32F10x_Std #
#                    Periph_Template\EWARM\..\..\..\Project/ARM\ -I           #
#                    F:\软件工程\平台正式代码001\Benze_MainBoard\baoma_36\ben #
#                    ci_newC_V45\Project\STM32F10x_StdPeriph_Template\EWARM\. #
#                    .\..\..\Libraries\CMSIS\CM3\DeviceSupport\ST\STM32F10x\  #
#                    -On -I "C:\Program Files\IAR Systems\Embedded Workbench  #
#                    6.0_2\arm\CMSIS\Include\"                                #
#    List file    =  F:\软件工程\平台正式代码001\Benze_MainBoard\baoma_36\ben #
#                    ci_newC_V45\Project\STM32F10x_StdPeriph_Template\EWARM\D #
#                    ebug\List\radiofm.lst                                    #
#    Object file  =  F:\软件工程\平台正式代码001\Benze_MainBoard\baoma_36\ben #
#                    ci_newC_V45\Project\STM32F10x_StdPeriph_Template\EWARM\D #
#                    ebug\Obj\radiofm.o                                       #
#                                                                             #
#                                                                             #
###############################################################################

F:\软件工程\平台正式代码001\Benze_MainBoard\baoma_36\benci_newC_V45\Project\FM\radiofm.c
      1          /*==========================
      2          this file is defined for FM by Miller.tao
      3          date :20150713
      4          ===========================*/
      5          #define _RADIO_FM_C_
      6          #include "radiofm.h"
      7          #include "i2c_driver.h"
      8          #include "includes.h"
      9          #if 1 //miller.tao20150715
     10          void radio_fm_init(void)
     11          {
     12                  BYTE fm_init_data[20];
     13                  BYTE i = 0;
     14          
     15          	fm_init_data[0] = 0x21;//reg0:SYSTEM
     16          	fm_init_data[1] = 0x00;//reg1:CH1
     17          	fm_init_data[2] = 0xB9;//0xBA;//0xB9;//0xA9,reg2:GPLT
     18          	fm_init_data[3] = 0x10;//reg3:REG_XTL
     19          	fm_init_data[4] = 0x83;//0x87,0x82;//0xB2,reg4:REG_VGA
     20          
     21          	//fm_init_data[5] = 0x80;//reg5:CID1
     22          	//fm_init_data[6] = 0x80;//reg6:CID2
     23          	//fm_init_data[7] = 0x80;//reg7:STATUS
     24          	fm_init_data[8] = 0x00;//reg8:RDSD0
     25          	fm_init_data[9] = 0x00;//reg9:RDSD1
     26                  fm_init_data[10] = 0x00;//reg10:RDSD2
     27          	fm_init_data[11] = 0x00;//reg11:RDSD3
     28          	fm_init_data[12] = 0x00;//reg12:RDSD4
     29          	fm_init_data[13] = 0x00;//reg13:RDSD5
     30          	fm_init_data[14] = 0x00;//reg14:RDSD6
     31          	fm_init_data[15] = 0x00;//reg15:RDSD7
     32          	fm_init_data[16] = 0x7F;//0x7F,reg16:PAC
     33          	fm_init_data[17] = 0xA1;//0x81,reg17:FDV
     34          	fm_init_data[18] = 0x06;//reg18:RDS
     35          
     36          	for(i = 0;i<5;i++)
     37          	{
     38                        WriteRadioFM(i,fm_init_data[i]);
     39          	      Delay_1ms(5);
     40          	}
     41          
     42          	for(i = 8;i<19;i++)
     43          	{
     44                        WriteRadioFM(i,fm_init_data[i]);
     45          	      Delay_1ms(5);
     46          	}
     47          
     48          
     49          }
     50          #else
     51          void radio_fm_init(void)
     52          {
     53                    WriteRadioFM(0,0x81);
     54                    Delay_1ms(100);
     55          
     56                    WriteRadioFM(3,0x10);
     57                    WriteRadioFM(4,0xB2);
     58                    Delay_1ms(100);
     59                     WriteRadioFM(0,0x41);
     60          	   WriteRadioFM(0,0x41);
     61                     Delay_1ms(200);
     62          	   WriteRadioFM(1,0x00);
     63          	   WriteRadioFM(2,0xB9);
     64                     Delay_1ms(100);
     65          	   WriteRadioFM(0,0x21);
     66          }
     67          
     68          #endif
     69          
     70          void radio_fm_set_freq(UINT frequency)
     71          {
     72                
     73                BYTE temp,temp2;
     74          
     75               temp =  ReadRadioFM(FM_REG_SYS);
     76              
     77               temp2 = (frequency>>8)&0x03;
     78               temp =temp&(~0x03)|temp2;
     79               WriteRadioFM(FM_REG_SYS,temp);
     80               Delay_1ms(5);
     81               temp2 = frequency&0xFF;
     82              WriteRadioFM(FM_REG_CH1,temp2);
     83          }
     84          
     85          void radio_fm_set_gain(BYTE gain)
     86          {
     87          
     88          
     89          }
     90          

   Maximum stack usage in bytes:

   .cstack Function
   ------- --------
       32  radio_fm_init
             32 -> Delay_1ms
             32 -> WriteRadioFM
       16  radio_fm_set_freq
             16 -> Delay_1ms
             16 -> ReadRadioFM
             16 -> WriteRadioFM
        0  radio_fm_set_gain


   Section sizes:

   Bytes  Function/Label
   -----  --------------
     174  radio_fm_init
      60  radio_fm_set_freq
       2  radio_fm_set_gain

 
 236 bytes in section .text
 
 236 bytes of CODE memory

Errors: none
Warnings: none
