###############################################################################
#                                                                             #
#     IAR Assembler V6.30.1.53127/W32 for ARM 02/Dec/2015  09:02:24           #
#     Copyright 1999-2011 IAR Systems AB.                                     #
#                                                                             #
#           Source file   =  F:\软件工程\平台正式代码001\Benze_MainBoard\benci_newC\benci_newC_V05\Libraries\CMSIS\CM3\DeviceSupport\ST\STM32F10x\startup\iar\startup_stm32f10x_md.s#
#           List file     =  F:\软件工程\平台正式代码001\Benze_MainBoard\benci_newC\benci_newC_V05\Project\STM32F10x_StdPeriph_Template\EWARM\Debug\List\startup_stm32f10x_md.lst#
#           Object file   =  F:\软件工程\平台正式代码001\Benze_MainBoard\benci_newC\benci_newC_V05\Project\STM32F10x_StdPeriph_Template\EWARM\Debug\Obj\startup_stm32f10x_md.o#
#           Command line  =  F:\软件工程\平台正式代码001\Benze_MainBoard\benci_newC\benci_newC_V05\Libraries\CMSIS\CM3\DeviceSupport\ST\STM32F10x\startup\iar\startup_stm32f10x_md.s #
#                            -OF:\软件工程\平台正式代码001\Benze_MainBoard\benci_newC\benci_newC_V05\Project\STM32F10x_StdPeriph_Template\EWARM\Debug\Obj\ #
#                            -s+ -M<> -w+ -r                                  #
#                            -LF:\软件工程\平台正式代码001\Benze_MainBoard\benci_newC\benci_newC_V05\Project\STM32F10x_StdPeriph_Template\EWARM\Debug\List\ #
#                            -t8 --cpu Cortex-M3 --fpu None                   #
#                                                                             #
###############################################################################

    1                           ;******************** (C) COPYRIGHT 2011
                                 STMicroelectronics ********************
    2                           ;* File Name          : startup_stm32f10x_md.s
    3                           ;* Author             : MCD Application
                                 Team
    4                           ;* Version            : V3.5.0
    5                           ;* Date               : 11-March-2011
    6                           ;* Description        : STM32F10x Medium
                                 Density Devices vector table for 
    7                           ;*                      EWARM toolchain.
    8                           ;*                      This module performs:
    9                           ;*                      - Set the initial
                                 SP
   10                           ;*                      - Configure the clock
                                 system
   11                           ;*                      - Set the initial PC
                                 == __iar_program_start,
   12                           ;*                      - Set the vector table
                                 entries with the exceptions ISR 
   13                           ;*                        address.
   14                           ;*                      After Reset the
                                 Cortex-M3 processor is in Thread mode,
   15                           ;*                      priority is Privileged
                                , and the Stack is set to Main.
   16                           ;*********************************************
                                ***********************************
   17                           ;* THE PRESENT FIRMWARE WHICH IS FOR GUIDANCE
                                 ONLY AIMS AT PROVIDING CUSTOMERS
   18                           ;* WITH CODING INFORMATION REGARDING THEIR
                                 PRODUCTS IN ORDER FOR THEM TO SAVE TIME.
   19                           ;* AS A RESULT, STMICROELECTRONICS SHALL NOT
                                 BE HELD LIABLE FOR ANY DIRECT,
   20                           ;* INDIRECT OR CONSEQUENTIAL DAMAGES WITH
                                 RESPECT TO ANY CLAIMS ARISING FROM THE
   21                           ;* CONTENT OF SUCH FIRMWARE AND/OR THE USE
                                 MADE BY CUSTOMERS OF THE CODING
   22                           ;* INFORMATION CONTAINED HEREIN IN CONNECTION
                                 WITH THEIR PRODUCTS.
   23                           ;*********************************************
                                **********************************
   24                           ;
   25                           ;
   26                           ; The modules in this file are included in the
                                 libraries, and may be replaced
   27                           ; by any user-defined modules that define the
                                 PUBLIC symbol _program_start or
   28                           ; a user defined start symbol.
   29                           ; To override the cstartup defined in the
                                 library, simply add your modified
   30                           ; version to the workbench project.
   31                           ;
   32                           ; The vector table is normally located at
                                 address 0.
   33                           ; When debugging in RAM, it can be located in
                                 RAM, aligned to at least 2^6.
   34                           ; The name "__vector_table" has special
                                 meaning for C-SPY:
   35                           ; it is where the SP start value is found, and
                                 the NVIC vector
   36                           ; table register (VTOR) is initialized to this
                                 address if != 0.
   37                           ;
   38                           ; Cortex-M version
   39                           ;
   40                           
   41                                   MODULE  ?cstartup
   42                           
   43                                   ;; Forward declaration of sections.
   44                                   SECTION CSTACK:DATA:NOROOT(3)
   45                           
   46                                   SECTION .intvec:CODE:NOROOT(2)
   47                           
   48                                   EXTERN  __iar_program_start
   49                                   EXTERN  SystemInit        
   50                                   PUBLIC  __vector_table
   51                           
   52                                   DATA
   53                           __vector_table
   54    00000000 ........              DCD     sfe(CSTACK)
   55    00000004 ........              DCD     Reset_Handler             ;
  Reset Handler
   56    00000008 ........              DCD     NMI_Handler               ; NMI
  Handler
   57    0000000C ........              DCD     HardFault_Handler         ;
  Hard Fault Handler
   58    00000010 ........              DCD     MemManage_Handler         ; MPU
  Fault Handler
   59    00000014 ........              DCD     BusFault_Handler          ; Bus
  Fault Handler
   60    00000018 ........              DCD     UsageFault_Handler        ;
  Usage Fault Handler
   61    0000001C 00000000              DCD     0                         ;
  Reserved
   62    00000020 00000000              DCD     0                         ;
  Reserved
   63    00000024 00000000              DCD     0                         ;
  Reserved
   64    00000028 00000000              DCD     0                         ;
  Reserved
   65    0000002C ........              DCD     SVC_Handler               ;
  SVCall Handler
   66    00000030 ........              DCD     DebugMon_Handler          ;
  Debug Monitor Handler
   67    00000034 00000000              DCD     0                         ;
  Reserved
   68    00000038 ........              DCD     PendSV_Handler            ;
  PendSV Handler
   69    0000003C ........              DCD     SysTick_Handler           ;
  SysTick Handler
   70                           
   71                                    ; External Interrupts
   72    00000040 ........              DCD     WWDG_IRQHandler           ;
  Window Watchdog
   73    00000044 ........              DCD     PVD_IRQHandler            ; PVD
  through EXTI Line detect
   74    00000048 ........              DCD     TAMPER_IRQHandler         ;
  Tamper
   75    0000004C ........              DCD     RTC_IRQHandler            ;
  RTC
   76    00000050 ........              DCD     FLASH_IRQHandler          ;
  Flash
   77    00000054 ........              DCD     RCC_IRQHandler            ;
  RCC
   78    00000058 ........              DCD     EXTI0_IRQHandler          ;
  EXTI Line 0
   79    0000005C ........              DCD     EXTI1_IRQHandler          ;
  EXTI Line 1
   80    00000060 ........              DCD     EXTI2_IRQHandler          ;
  EXTI Line 2
   81    00000064 ........              DCD     EXTI3_IRQHandler          ;
  EXTI Line 3
   82    00000068 ........              DCD     EXTI4_IRQHandler          ;
  EXTI Line 4
   83    0000006C ........              DCD     DMA1_Channel1_IRQHandler  ;
  DMA1 Channel 1
   84    00000070 ........              DCD     DMA1_Channel2_IRQHandler  ;
  DMA1 Channel 2
   85    00000074 ........              DCD     DMA1_Channel3_IRQHandler  ;
  DMA1 Channel 3
   86    00000078 ........              DCD     DMA1_Channel4_IRQHandler  ;
  DMA1 Channel 4
   87    0000007C ........              DCD     DMA1_Channel5_IRQHandler  ;
  DMA1 Channel 5
   88    00000080 ........              DCD     DMA1_Channel6_IRQHandler  ;
  DMA1 Channel 6
   89    00000084 ........              DCD     DMA1_Channel7_IRQHandler  ;
  DMA1 Channel 7
   90    00000088 ........              DCD     ADC1_2_IRQHandler         ;
  ADC1 & ADC2
   91    0000008C ........              DCD     USB_HP_CAN1_TX_IRQHandler  ;
  USB High Priority or CAN1 TX
   92    00000090 ........              DCD     USB_LP_CAN1_RX0_IRQHandler ;
  USB Low  Priority or CAN1 RX0
   93    00000094 ........              DCD     CAN1_RX1_IRQHandler       ;
  CAN1 RX1
   94    00000098 ........              DCD     CAN1_SCE_IRQHandler       ;
  CAN1 SCE
   95    0000009C ........              DCD     EXTI9_5_IRQHandler        ;
  EXTI Line 9..5
   96    000000A0 ........              DCD     TIM1_BRK_IRQHandler       ;
  TIM1 Break
   97    000000A4 ........              DCD     TIM1_UP_IRQHandler        ;
  TIM1 Update
   98    000000A8 ........              DCD     TIM1_TRG_COM_IRQHandler   ;
  TIM1 Trigger and Commutation
   99    000000AC ........              DCD     TIM1_CC_IRQHandler        ;
  TIM1 Capture Compare
  100    000000B0 ........              DCD     TIM2_IRQHandler           ;
  TIM2
  101    000000B4 ........              DCD     TIM3_IRQHandler           ;
  TIM3
  102    000000B8 ........              DCD     TIM4_IRQHandler           ;
  TIM4
  103    000000BC ........              DCD     I2C1_EV_IRQHandler        ;
  I2C1 Event
  104    000000C0 ........              DCD     I2C1_ER_IRQHandler        ;
  I2C1 Error
  105    000000C4 ........              DCD     I2C2_EV_IRQHandler        ;
  I2C2 Event
  106    000000C8 ........              DCD     I2C2_ER_IRQHandler        ;
  I2C2 Error
  107    000000CC ........              DCD     SPI1_IRQHandler           ;
  SPI1
  108    000000D0 ........              DCD     SPI2_IRQHandler           ;
  SPI2
  109    000000D4 ........              DCD     USART1_IRQHandler         ;
  USART1
  110    000000D8 ........              DCD     USART2_IRQHandler         ;
  USART2
  111    000000DC ........              DCD     USART3_IRQHandler         ;
  USART3
  112    000000E0 ........              DCD     EXTI15_10_IRQHandler      ;
  EXTI Line 15..10
  113    000000E4 ........              DCD     RTCAlarm_IRQHandler       ; RTC
  Alarm through EXTI Line
  114    000000E8 ........              DCD     USBWakeUp_IRQHandler      ; USB
  Wakeup from suspend
  115                           
  116                           ;;;;;;;;;;;;;;;;;;;;;;;;;;;;;;;;;;;;;;;;;;;;;;
                                ;;;;;;
  117                           ;;
  118                           ;; Default interrupt handlers.
  119                           ;;
  120                                   THUMB
  121                           
  122                                   PUBWEAK Reset_Handler
  123                                   SECTION .text:CODE:REORDER(2)
  124                           Reset_Handler
  125    00000000 0148                  LDR     R0, =SystemInit
  126    00000002 8047                  BLX     R0
  127    00000004 0148                  LDR     R0, =__iar_program_start
  128    00000006 0047                  BX      R0
  129                                   
  130                                   PUBWEAK NMI_Handler
  131                                   SECTION .text:CODE:REORDER(1)
  131.1                                  TABLE
  131.2  00000008 ........              Reference on line 125 
  131.3  0000000C ........              Reference on line 127 
  131.4                                 RSEG (including table)
  131                                   SECTION .text:CODE:REORDER(1)
  132                           NMI_Handler
  133    00000000 ........              B NMI_Handler
  134                           
  135                                   PUBWEAK HardFault_Handler
  136                                   SECTION .text:CODE:REORDER(1)
  137                           HardFault_Handler
  138    00000000 ........              B HardFault_Handler
  139                           
  140                                   PUBWEAK MemManage_Handler
  141                                   SECTION .text:CODE:REORDER(1)
  142                           MemManage_Handler
  143    00000000 ........              B MemManage_Handler
  144                           
  145                                   PUBWEAK BusFault_Handler
  146                                   SECTION .text:CODE:REORDER(1)
  147                           BusFault_Handler
  148    00000000 ........              B BusFault_Handler
  149                           
  150                                   PUBWEAK UsageFault_Handler
  151                                   SECTION .text:CODE:REORDER(1)
  152                           UsageFault_Handler
  153    00000000 ........              B UsageFault_Handler
  154                           
  155                                   PUBWEAK SVC_Handler
  156                                   SECTION .text:CODE:REORDER(1)
  157                           SVC_Handler
  158    00000000 ........              B SVC_Handler
  159                           
  160                                   PUBWEAK DebugMon_Handler
  161                                   SECTION .text:CODE:REORDER(1)
  162                           DebugMon_Handler
  163    00000000 ........              B DebugMon_Handler
  164                           
  165                                   PUBWEAK PendSV_Handler
  166                                   SECTION .text:CODE:REORDER(1)
  167                           PendSV_Handler
  168    00000000 ........              B PendSV_Handler
  169                           
  170                                   PUBWEAK SysTick_Handler
  171                                   SECTION .text:CODE:REORDER(1)
  172                           SysTick_Handler
  173    00000000 ........              B SysTick_Handler
  174                           
  175                                   PUBWEAK WWDG_IRQHandler
  176                                   SECTION .text:CODE:REORDER(1)
  177                           WWDG_IRQHandler
  178    00000000 ........              B WWDG_IRQHandler
  179                           
  180                                   PUBWEAK PVD_IRQHandler
  181                                   SECTION .text:CODE:REORDER(1)
  182                           PVD_IRQHandler
  183    00000000 ........              B PVD_IRQHandler
  184                           
  185                                   PUBWEAK TAMPER_IRQHandler
  186                                   SECTION .text:CODE:REORDER(1)
  187                           TAMPER_IRQHandler
  188    00000000 ........              B TAMPER_IRQHandler
  189                           
  190                                   PUBWEAK RTC_IRQHandler
  191                                   SECTION .text:CODE:REORDER(1)
  192                           RTC_IRQHandler
  193    00000000 ........              B RTC_IRQHandler
  194                           
  195                                   PUBWEAK FLASH_IRQHandler
  196                                   SECTION .text:CODE:REORDER(1)
  197                           FLASH_IRQHandler
  198    00000000 ........              B FLASH_IRQHandler
  199                           
  200                                   PUBWEAK RCC_IRQHandler
  201                                   SECTION .text:CODE:REORDER(1)
  202                           RCC_IRQHandler
  203    00000000 ........              B RCC_IRQHandler
  204                           
  205                                   PUBWEAK EXTI0_IRQHandler
  206                                   SECTION .text:CODE:REORDER(1)
  207                           EXTI0_IRQHandler
  208    00000000 ........              B EXTI0_IRQHandler
  209                           
  210                                   PUBWEAK EXTI1_IRQHandler
  211                                   SECTION .text:CODE:REORDER(1)
  212                           EXTI1_IRQHandler
  213    00000000 ........              B EXTI1_IRQHandler
  214                           
  215                                   PUBWEAK EXTI2_IRQHandler
  216                                   SECTION .text:CODE:REORDER(1)
  217                           EXTI2_IRQHandler
  218    00000000 ........              B EXTI2_IRQHandler
  219                           
  220                                   PUBWEAK EXTI3_IRQHandler
  221                                   SECTION .text:CODE:REORDER(1)
  222                           EXTI3_IRQHandler
  223    00000000 ........              B EXTI3_IRQHandler
  224                           
  225                                   PUBWEAK EXTI4_IRQHandler
  226                                   SECTION .text:CODE:REORDER(1)
  227                           EXTI4_IRQHandler
  228    00000000 ........              B EXTI4_IRQHandler
  229                           
  230                                   PUBWEAK DMA1_Channel1_IRQHandler
  231                                   SECTION .text:CODE:REORDER(1)
  232                           DMA1_Channel1_IRQHandler
  233    00000000 ........              B DMA1_Channel1_IRQHandler
  234                           
  235                                   PUBWEAK DMA1_Channel2_IRQHandler
  236                                   SECTION .text:CODE:REORDER(1)
  237                           DMA1_Channel2_IRQHandler
  238    00000000 ........              B DMA1_Channel2_IRQHandler
  239                           
  240                                   PUBWEAK DMA1_Channel3_IRQHandler
  241                                   SECTION .text:CODE:REORDER(1)
  242                           DMA1_Channel3_IRQHandler
  243    00000000 ........              B DMA1_Channel3_IRQHandler
  244                           
  245                                   PUBWEAK DMA1_Channel4_IRQHandler
  246                                   SECTION .text:CODE:REORDER(1)
  247                           DMA1_Channel4_IRQHandler
  248    00000000 ........              B DMA1_Channel4_IRQHandler
  249                           
  250                                   PUBWEAK DMA1_Channel5_IRQHandler
  251                                   SECTION .text:CODE:REORDER(1)
  252                           DMA1_Channel5_IRQHandler
  253    00000000 ........              B DMA1_Channel5_IRQHandler
  254                           
  255                                   PUBWEAK DMA1_Channel6_IRQHandler
  256                                   SECTION .text:CODE:REORDER(1)
  257                           DMA1_Channel6_IRQHandler
  258    00000000 ........              B DMA1_Channel6_IRQHandler
  259                           
  260                                   PUBWEAK DMA1_Channel7_IRQHandler
  261                                   SECTION .text:CODE:REORDER(1)
  262                           DMA1_Channel7_IRQHandler
  263    00000000 ........              B DMA1_Channel7_IRQHandler
  264                           
  265                                   PUBWEAK ADC1_2_IRQHandler
  266                                   SECTION .text:CODE:REORDER(1)
  267                           ADC1_2_IRQHandler
  268    00000000 ........              B ADC1_2_IRQHandler
  269                           
  270                                   PUBWEAK USB_HP_CAN1_TX_IRQHandler
  271                                   SECTION .text:CODE:REORDER(1)
  272                           USB_HP_CAN1_TX_IRQHandler
  273    00000000 ........              B USB_HP_CAN1_TX_IRQHandler
  274                           
  275                                   PUBWEAK USB_LP_CAN1_RX0_IRQHandler
  276                                   SECTION .text:CODE:REORDER(1)
  277                           USB_LP_CAN1_RX0_IRQHandler
  278    00000000 ........              B USB_LP_CAN1_RX0_IRQHandler
  279                           
  280                                   PUBWEAK CAN1_RX1_IRQHandler
  281                                   SECTION .text:CODE:REORDER(1)
  282                           CAN1_RX1_IRQHandler
  283    00000000 ........              B CAN1_RX1_IRQHandler
  284                           
  285                                   PUBWEAK CAN1_SCE_IRQHandler
  286                                   SECTION .text:CODE:REORDER(1)
  287                           CAN1_SCE_IRQHandler
  288    00000000 ........              B CAN1_SCE_IRQHandler
  289                           
  290                                   PUBWEAK EXTI9_5_IRQHandler
  291                                   SECTION .text:CODE:REORDER(1)
  292                           EXTI9_5_IRQHandler
  293    00000000 ........              B EXTI9_5_IRQHandler
  294                           
  295                                   PUBWEAK TIM1_BRK_IRQHandler
  296                                   SECTION .text:CODE:REORDER(1)
  297                           TIM1_BRK_IRQHandler
  298    00000000 ........              B TIM1_BRK_IRQHandler
  299                           
  300                                   PUBWEAK TIM1_UP_IRQHandler
  301                                   SECTION .text:CODE:REORDER(1)
  302                           TIM1_UP_IRQHandler
  303    00000000 ........              B TIM1_UP_IRQHandler
  304                           
  305                                   PUBWEAK TIM1_TRG_COM_IRQHandler
  306                                   SECTION .text:CODE:REORDER(1)
  307                           TIM1_TRG_COM_IRQHandler
  308    00000000 ........              B TIM1_TRG_COM_IRQHandler
  309                           
  310                                   PUBWEAK TIM1_CC_IRQHandler
  311                                   SECTION .text:CODE:REORDER(1)
  312                           TIM1_CC_IRQHandler
  313    00000000 ........              B TIM1_CC_IRQHandler
  314                           
  315                                   PUBWEAK TIM2_IRQHandler
  316                                   SECTION .text:CODE:REORDER(1)
  317                           TIM2_IRQHandler
  318    00000000 ........              B TIM2_IRQHandler
  319                           
  320                                   PUBWEAK TIM3_IRQHandler
  321                                   SECTION .text:CODE:REORDER(1)
  322                           TIM3_IRQHandler
  323    00000000 ........              B TIM3_IRQHandler
  324                           
  325                                   PUBWEAK TIM4_IRQHandler
  326                                   SECTION .text:CODE:REORDER(1)
  327                           TIM4_IRQHandler
  328    00000000 ........              B TIM4_IRQHandler
  329                           
  330                                   PUBWEAK I2C1_EV_IRQHandler
  331                                   SECTION .text:CODE:REORDER(1)
  332                           I2C1_EV_IRQHandler
  333    00000000 ........              B I2C1_EV_IRQHandler
  334                           
  335                                   PUBWEAK I2C1_ER_IRQHandler
  336                                   SECTION .text:CODE:REORDER(1)
  337                           I2C1_ER_IRQHandler
  338    00000000 ........              B I2C1_ER_IRQHandler
  339                           
  340                                   PUBWEAK I2C2_EV_IRQHandler
  341                                   SECTION .text:CODE:REORDER(1)
  342                           I2C2_EV_IRQHandler
  343    00000000 ........              B I2C2_EV_IRQHandler
  344                           
  345                                   PUBWEAK I2C2_ER_IRQHandler
  346                                   SECTION .text:CODE:REORDER(1)
  347                           I2C2_ER_IRQHandler
  348    00000000 ........              B I2C2_ER_IRQHandler
  349                           
  350                                   PUBWEAK SPI1_IRQHandler
  351                                   SECTION .text:CODE:REORDER(1)
  352                           SPI1_IRQHandler
  353    00000000 ........              B SPI1_IRQHandler
  354                           
  355                                   PUBWEAK SPI2_IRQHandler
  356                                   SECTION .text:CODE:REORDER(1)
  357                           SPI2_IRQHandler
  358    00000000 ........              B SPI2_IRQHandler
  359                           
  360                                   PUBWEAK USART1_IRQHandler
  361                                   SECTION .text:CODE:REORDER(1)
  362                           USART1_IRQHandler
  363    00000000 ........              B USART1_IRQHandler
  364                           
  365                                   PUBWEAK USART2_IRQHandler
  366                                   SECTION .text:CODE:REORDER(1)
  367                           USART2_IRQHandler
  368    00000000 ........              B USART2_IRQHandler
  369                           
  370                                   PUBWEAK USART3_IRQHandler
  371                                   SECTION .text:CODE:REORDER(1)
  372                           USART3_IRQHandler
  373    00000000 ........              B USART3_IRQHandler
  374                           
  375                                   PUBWEAK EXTI15_10_IRQHandler
  376                                   SECTION .text:CODE:REORDER(1)
  377                           EXTI15_10_IRQHandler
  378    00000000 ........              B EXTI15_10_IRQHandler
  379                           
  380                                   PUBWEAK RTCAlarm_IRQHandler
  381                                   SECTION .text:CODE:REORDER(1)
  382                           RTCAlarm_IRQHandler
  383    00000000 ........              B RTCAlarm_IRQHandler
  384                           
  385                                   PUBWEAK USBWakeUp_IRQHandler
  386                                   SECTION .text:CODE:REORDER(1)
  387                           USBWakeUp_IRQHandler
  388    00000000 ........              B USBWakeUp_IRQHandler
  389                           
  390                                   END
##############################
#           CRC:0            #
#        Errors:   0         #
#        Warnings: 0         #
#         Bytes: 460         #
##############################



