###############################################################################
#                                                                             #
# IAR ANSI C/C++ Compiler V6.30.1.53127/W32 for ARM     22/Jun/2016  13:18:50 #
# Copyright 1999-2011 IAR Systems AB.                                         #
#                                                                             #
#    Cpu mode     =  thumb                                                    #
#    Endian       =  little                                                   #
#    Source file  =  F:\软件工程\平台正式代码001\Benze_MainBoard\baoma_36\ben #
#                    ci_newC_V45\Libraries\STM32F10x_StdPeriph_Driver\src\stm #
#                    32f10x_iwdg.c                                            #
#    Command line =  F:\软件工程\平台正式代码001\Benze_MainBoard\baoma_36\ben #
#                    ci_newC_V45\Libraries\STM32F10x_StdPeriph_Driver\src\stm #
#                    32f10x_iwdg.c -D USE_STDPERIPH_DRIVER -D                 #
#                    USE_STM32100B_EVAL -D STM32F10X_CL -lc                   #
#                    F:\软件工程\平台正式代码001\Benze_MainBoard\baoma_36\ben #
#                    ci_newC_V45\Project\STM32F10x_StdPeriph_Template\EWARM\D #
#                    ebug\List\ -lA F:\软件工程\平台正式代码001\Benze_MainBoa #
#                    rd\baoma_36\benci_newC_V45\Project\STM32F10x_StdPeriph_T #
#                    emplate\EWARM\Debug\List\ -o                             #
#                    F:\软件工程\平台正式代码001\Benze_MainBoard\baoma_36\ben #
#                    ci_newC_V45\Project\STM32F10x_StdPeriph_Template\EWARM\D #
#                    ebug\Obj\ --no_cse --no_unroll --no_inline               #
#                    --no_code_motion --no_tbaa --no_clustering               #
#                    --no_scheduling --debug --endian=little --cpu=Cortex-M3  #
#                    -e --fpu=None --dlib_config "C:\Program Files\IAR        #
#                    Systems\Embedded Workbench 6.0_2\arm\INC\c\DLib_Config_F #
#                    ull.h" -I F:\软件工程\平台正式代码001\Benze_MainBoard\ba #
#                    oma_36\benci_newC_V45\Project\STM32F10x_StdPeriph_Templa #
#                    te\EWARM\ -I F:\软件工程\平台正式代码001\Benze_MainBoard #
#                    \baoma_36\benci_newC_V45\Project\STM32F10x_StdPeriph_Tem #
#                    plate\EWARM\..\ -I F:\软件工程\平台正式代码001\Benze_Mai #
#                    nBoard\baoma_36\benci_newC_V45\Project\STM32F10x_StdPeri #
#                    ph_Template\EWARM\..\..\..\Libraries\STM32F10x_StdPeriph #
#                    _Driver\inc\ -I F:\软件工程\平台正式代码001\Benze_MainBo #
#                    ard\baoma_36\benci_newC_V45\Project\STM32F10x_StdPeriph_ #
#                    Template\EWARM\..\..\..\Libraries\STM32F10x_StdPeriph_Dr #
#                    iver\src\ -I F:\软件工程\平台正式代码001\Benze_MainBoard #
#                    \baoma_36\benci_newC_V45\Project\STM32F10x_StdPeriph_Tem #
#                    plate\EWARM\..\..\..\Project/Common\ -I                  #
#                    F:\软件工程\平台正式代码001\Benze_MainBoard\baoma_36\ben #
#                    ci_newC_V45\Project\STM32F10x_StdPeriph_Template\EWARM\. #
#                    .\..\..\Project/TW8836\ -I F:\软件工程\平台正式代码001\B #
#                    enze_MainBoard\baoma_36\benci_newC_V45\Project\STM32F10x #
#                    _StdPeriph_Template\EWARM\..\..\..\Project/CAN\ -I       #
#                    F:\软件工程\平台正式代码001\Benze_MainBoard\baoma_36\ben #
#                    ci_newC_V45\Project\STM32F10x_StdPeriph_Template\EWARM\. #
#                    .\..\..\Project/FM\ -I F:\软件工程\平台正式代码001\Benze #
#                    _MainBoard\baoma_36\benci_newC_V45\Project\STM32F10x_Std #
#                    Periph_Template\EWARM\..\..\..\Project/ARM\ -I           #
#                    F:\软件工程\平台正式代码001\Benze_MainBoard\baoma_36\ben #
#                    ci_newC_V45\Project\STM32F10x_StdPeriph_Template\EWARM\. #
#                    .\..\..\Libraries\CMSIS\CM3\DeviceSupport\ST\STM32F10x\  #
#                    -On -I "C:\Program Files\IAR Systems\Embedded Workbench  #
#                    6.0_2\arm\CMSIS\Include\"                                #
#    List file    =  F:\软件工程\平台正式代码001\Benze_MainBoard\baoma_36\ben #
#                    ci_newC_V45\Project\STM32F10x_StdPeriph_Template\EWARM\D #
#                    ebug\List\stm32f10x_iwdg.lst                             #
#    Object file  =  F:\软件工程\平台正式代码001\Benze_MainBoard\baoma_36\ben #
#                    ci_newC_V45\Project\STM32F10x_StdPeriph_Template\EWARM\D #
#                    ebug\Obj\stm32f10x_iwdg.o                                #
#                                                                             #
#                                                                             #
###############################################################################

F:\软件工程\平台正式代码001\Benze_MainBoard\baoma_36\benci_newC_V45\Libraries\STM32F10x_StdPeriph_Driver\src\stm32f10x_iwdg.c
      1          /**
      2            ******************************************************************************
      3            * @file    stm32f10x_iwdg.c
      4            * @author  MCD Application Team
      5            * @version V3.5.0
      6            * @date    11-March-2011
      7            * @brief   This file provides all the IWDG firmware functions.
      8            ******************************************************************************
      9            * @attention
     10            *
     11            * THE PRESENT FIRMWARE WHICH IS FOR GUIDANCE ONLY AIMS AT PROVIDING CUSTOMERS
     12            * WITH CODING INFORMATION REGARDING THEIR PRODUCTS IN ORDER FOR THEM TO SAVE
     13            * TIME. AS A RESULT, STMICROELECTRONICS SHALL NOT BE HELD LIABLE FOR ANY
     14            * DIRECT, INDIRECT OR CONSEQUENTIAL DAMAGES WITH RESPECT TO ANY CLAIMS ARISING
     15            * FROM THE CONTENT OF SUCH FIRMWARE AND/OR THE USE MADE BY CUSTOMERS OF THE
     16            * CODING INFORMATION CONTAINED HEREIN IN CONNECTION WITH THEIR PRODUCTS.
     17            *
     18            * <h2><center>&copy; COPYRIGHT 2011 STMicroelectronics</center></h2>
     19            ******************************************************************************
     20            */
     21          
     22          /* Includes ------------------------------------------------------------------*/
     23          #include "stm32f10x_iwdg.h"
     24          
     25          /** @addtogroup STM32F10x_StdPeriph_Driver
     26            * @{
     27            */
     28          
     29          /** @defgroup IWDG
     30            * @brief IWDG driver modules
     31            * @{
     32            */
     33          
     34          /** @defgroup IWDG_Private_TypesDefinitions
     35            * @{
     36            */
     37          
     38          /**
     39            * @}
     40            */
     41          
     42          /** @defgroup IWDG_Private_Defines
     43            * @{
     44            */
     45          
     46          /* ---------------------- IWDG registers bit mask ----------------------------*/
     47          
     48          /* KR register bit mask */
     49          #define KR_KEY_Reload    ((uint16_t)0xAAAA)
     50          #define KR_KEY_Enable    ((uint16_t)0xCCCC)
     51          
     52          /**
     53            * @}
     54            */
     55          
     56          /** @defgroup IWDG_Private_Macros
     57            * @{
     58            */
     59          
     60          /**
     61            * @}
     62            */
     63          
     64          /** @defgroup IWDG_Private_Variables
     65            * @{
     66            */
     67          
     68          /**
     69            * @}
     70            */
     71          
     72          /** @defgroup IWDG_Private_FunctionPrototypes
     73            * @{
     74            */
     75          
     76          /**
     77            * @}
     78            */
     79          
     80          /** @defgroup IWDG_Private_Functions
     81            * @{
     82            */
     83          
     84          /**
     85            * @brief  Enables or disables write access to IWDG_PR and IWDG_RLR registers.
     86            * @param  IWDG_WriteAccess: new state of write access to IWDG_PR and IWDG_RLR registers.
     87            *   This parameter can be one of the following values:
     88            *     @arg IWDG_WriteAccess_Enable: Enable write access to IWDG_PR and IWDG_RLR registers
     89            *     @arg IWDG_WriteAccess_Disable: Disable write access to IWDG_PR and IWDG_RLR registers
     90            * @retval None
     91            */
     92          void IWDG_WriteAccessCmd(uint16_t IWDG_WriteAccess)
     93          {
     94              /* Check the parameters */
     95              assert_param(IS_IWDG_WRITE_ACCESS(IWDG_WriteAccess));
     96              IWDG->KR = IWDG_WriteAccess;
     97          }
     98          
     99          /**
    100            * @brief  Sets IWDG Prescaler value.
    101            * @param  IWDG_Prescaler: specifies the IWDG Prescaler value.
    102            *   This parameter can be one of the following values:
    103            *     @arg IWDG_Prescaler_4: IWDG prescaler set to 4
    104            *     @arg IWDG_Prescaler_8: IWDG prescaler set to 8
    105            *     @arg IWDG_Prescaler_16: IWDG prescaler set to 16
    106            *     @arg IWDG_Prescaler_32: IWDG prescaler set to 32
    107            *     @arg IWDG_Prescaler_64: IWDG prescaler set to 64
    108            *     @arg IWDG_Prescaler_128: IWDG prescaler set to 128
    109            *     @arg IWDG_Prescaler_256: IWDG prescaler set to 256
    110            * @retval None
    111            */
    112          void IWDG_SetPrescaler(uint8_t IWDG_Prescaler)
    113          {
    114              /* Check the parameters */
    115              assert_param(IS_IWDG_PRESCALER(IWDG_Prescaler));
    116              IWDG->PR = IWDG_Prescaler;
    117          }
    118          
    119          /**
    120            * @brief  Sets IWDG Reload value.
    121            * @param  Reload: specifies the IWDG Reload value.
    122            *   This parameter must be a number between 0 and 0x0FFF.
    123            * @retval None
    124            */
    125          void IWDG_SetReload(uint16_t Reload)
    126          {
    127              /* Check the parameters */
    128              assert_param(IS_IWDG_RELOAD(Reload));
    129              IWDG->RLR = Reload;
    130          }
    131          
    132          /**
    133            * @brief  Reloads IWDG counter with value defined in the reload register
    134            *   (write access to IWDG_PR and IWDG_RLR registers disabled).
    135            * @param  None
    136            * @retval None
    137            */
    138          void IWDG_ReloadCounter(void)
    139          {
    140          
    141          
    142              IWDG->KR = KR_KEY_Reload;
    143          }
    144          
    145          /**
    146            * @brief  Enables IWDG (write access to IWDG_PR and IWDG_RLR registers disabled).
    147            * @param  None
    148            * @retval None
    149            */
    150          void IWDG_Enable(void)
    151          {
    152              IWDG->KR = KR_KEY_Enable;
    153          }
    154          
    155          /**
    156            * @brief  Checks whether the specified IWDG flag is set or not.
    157            * @param  IWDG_FLAG: specifies the flag to check.
    158            *   This parameter can be one of the following values:
    159            *     @arg IWDG_FLAG_PVU: Prescaler Value Update on going
    160            *     @arg IWDG_FLAG_RVU: Reload Value Update on going
    161            * @retval The new state of IWDG_FLAG (SET or RESET).
    162            */
    163          FlagStatus IWDG_GetFlagStatus(uint16_t IWDG_FLAG)
    164          {
    165              FlagStatus bitstatus = RESET;
    166              /* Check the parameters */
    167              assert_param(IS_IWDG_FLAG(IWDG_FLAG));
    168              if ((IWDG->SR & IWDG_FLAG) != (uint32_t)RESET)
    169              {
    170                  bitstatus = SET;
    171              }
    172              else
    173              {
    174                  bitstatus = RESET;
    175              }
    176              /* Return the flag status */
    177              return bitstatus;
    178          }
    179          
    180          /**
    181            * @}
    182            */
    183          
    184          /**
    185            * @}
    186            */
    187          
    188          /**
    189            * @}
    190            */
    191          
    192          /******************* (C) COPYRIGHT 2011 STMicroelectronics *****END OF FILE****/

   Maximum stack usage in bytes:

   .cstack Function
   ------- --------
        0  IWDG_Enable
        0  IWDG_GetFlagStatus
        0  IWDG_ReloadCounter
        0  IWDG_SetPrescaler
        0  IWDG_SetReload
        0  IWDG_WriteAccessCmd


   Section sizes:

   Bytes  Function/Label
   -----  --------------
       4  ??DataTable5
       4  ??DataTable5_1
       4  ??DataTable5_2
       4  ??DataTable5_3
      10  IWDG_Enable
      28  IWDG_GetFlagStatus
      10  IWDG_ReloadCounter
       8  IWDG_SetPrescaler
       8  IWDG_SetReload
       8  IWDG_WriteAccessCmd

 
 88 bytes in section .text
 
 88 bytes of CODE memory

Errors: none
Warnings: none
