###############################################################################
#                                                                             #
# IAR ANSI C/C++ Compiler V6.30.1.53127/W32 for ARM     22/Jun/2016  13:18:49 #
# Copyright 1999-2011 IAR Systems AB.                                         #
#                                                                             #
#    Cpu mode     =  thumb                                                    #
#    Endian       =  little                                                   #
#    Source file  =  F:\软件工程\平台正式代码001\Benze_MainBoard\baoma_36\ben #
#                    ci_newC_V45\Libraries\STM32F10x_StdPeriph_Driver\src\stm #
#                    32f10x_gpio.c                                            #
#    Command line =  F:\软件工程\平台正式代码001\Benze_MainBoard\baoma_36\ben #
#                    ci_newC_V45\Libraries\STM32F10x_StdPeriph_Driver\src\stm #
#                    32f10x_gpio.c -D USE_STDPERIPH_DRIVER -D                 #
#                    USE_STM32100B_EVAL -D STM32F10X_CL -lc                   #
#                    F:\软件工程\平台正式代码001\Benze_MainBoard\baoma_36\ben #
#                    ci_newC_V45\Project\STM32F10x_StdPeriph_Template\EWARM\D #
#                    ebug\List\ -lA F:\软件工程\平台正式代码001\Benze_MainBoa #
#                    rd\baoma_36\benci_newC_V45\Project\STM32F10x_StdPeriph_T #
#                    emplate\EWARM\Debug\List\ -o                             #
#                    F:\软件工程\平台正式代码001\Benze_MainBoard\baoma_36\ben #
#                    ci_newC_V45\Project\STM32F10x_StdPeriph_Template\EWARM\D #
#                    ebug\Obj\ --no_cse --no_unroll --no_inline               #
#                    --no_code_motion --no_tbaa --no_clustering               #
#                    --no_scheduling --debug --endian=little --cpu=Cortex-M3  #
#                    -e --fpu=None --dlib_config "C:\Program Files\IAR        #
#                    Systems\Embedded Workbench 6.0_2\arm\INC\c\DLib_Config_F #
#                    ull.h" -I F:\软件工程\平台正式代码001\Benze_MainBoard\ba #
#                    oma_36\benci_newC_V45\Project\STM32F10x_StdPeriph_Templa #
#                    te\EWARM\ -I F:\软件工程\平台正式代码001\Benze_MainBoard #
#                    \baoma_36\benci_newC_V45\Project\STM32F10x_StdPeriph_Tem #
#                    plate\EWARM\..\ -I F:\软件工程\平台正式代码001\Benze_Mai #
#                    nBoard\baoma_36\benci_newC_V45\Project\STM32F10x_StdPeri #
#                    ph_Template\EWARM\..\..\..\Libraries\STM32F10x_StdPeriph #
#                    _Driver\inc\ -I F:\软件工程\平台正式代码001\Benze_MainBo #
#                    ard\baoma_36\benci_newC_V45\Project\STM32F10x_StdPeriph_ #
#                    Template\EWARM\..\..\..\Libraries\STM32F10x_StdPeriph_Dr #
#                    iver\src\ -I F:\软件工程\平台正式代码001\Benze_MainBoard #
#                    \baoma_36\benci_newC_V45\Project\STM32F10x_StdPeriph_Tem #
#                    plate\EWARM\..\..\..\Project/Common\ -I                  #
#                    F:\软件工程\平台正式代码001\Benze_MainBoard\baoma_36\ben #
#                    ci_newC_V45\Project\STM32F10x_StdPeriph_Template\EWARM\. #
#                    .\..\..\Project/TW8836\ -I F:\软件工程\平台正式代码001\B #
#                    enze_MainBoard\baoma_36\benci_newC_V45\Project\STM32F10x #
#                    _StdPeriph_Template\EWARM\..\..\..\Project/CAN\ -I       #
#                    F:\软件工程\平台正式代码001\Benze_MainBoard\baoma_36\ben #
#                    ci_newC_V45\Project\STM32F10x_StdPeriph_Template\EWARM\. #
#                    .\..\..\Project/FM\ -I F:\软件工程\平台正式代码001\Benze #
#                    _MainBoard\baoma_36\benci_newC_V45\Project\STM32F10x_Std #
#                    Periph_Template\EWARM\..\..\..\Project/ARM\ -I           #
#                    F:\软件工程\平台正式代码001\Benze_MainBoard\baoma_36\ben #
#                    ci_newC_V45\Project\STM32F10x_StdPeriph_Template\EWARM\. #
#                    .\..\..\Libraries\CMSIS\CM3\DeviceSupport\ST\STM32F10x\  #
#                    -On -I "C:\Program Files\IAR Systems\Embedded Workbench  #
#                    6.0_2\arm\CMSIS\Include\"                                #
#    List file    =  F:\软件工程\平台正式代码001\Benze_MainBoard\baoma_36\ben #
#                    ci_newC_V45\Project\STM32F10x_StdPeriph_Template\EWARM\D #
#                    ebug\List\stm32f10x_gpio.lst                             #
#    Object file  =  F:\软件工程\平台正式代码001\Benze_MainBoard\baoma_36\ben #
#                    ci_newC_V45\Project\STM32F10x_StdPeriph_Template\EWARM\D #
#                    ebug\Obj\stm32f10x_gpio.o                                #
#                                                                             #
#                                                                             #
###############################################################################

F:\软件工程\平台正式代码001\Benze_MainBoard\baoma_36\benci_newC_V45\Libraries\STM32F10x_StdPeriph_Driver\src\stm32f10x_gpio.c
      1          /**
      2            ******************************************************************************
      3            * @file    stm32f10x_gpio.c
      4            * @author  MCD Application Team
      5            * @version V3.5.0
      6            * @date    11-March-2011
      7            * @brief   This file provides all the GPIO firmware functions.
      8            ******************************************************************************
      9            * @attention
     10            *
     11            * THE PRESENT FIRMWARE WHICH IS FOR GUIDANCE ONLY AIMS AT PROVIDING CUSTOMERS
     12            * WITH CODING INFORMATION REGARDING THEIR PRODUCTS IN ORDER FOR THEM TO SAVE
     13            * TIME. AS A RESULT, STMICROELECTRONICS SHALL NOT BE HELD LIABLE FOR ANY
     14            * DIRECT, INDIRECT OR CONSEQUENTIAL DAMAGES WITH RESPECT TO ANY CLAIMS ARISING
     15            * FROM THE CONTENT OF SUCH FIRMWARE AND/OR THE USE MADE BY CUSTOMERS OF THE
     16            * CODING INFORMATION CONTAINED HEREIN IN CONNECTION WITH THEIR PRODUCTS.
     17            *
     18            * <h2><center>&copy; COPYRIGHT 2011 STMicroelectronics</center></h2>
     19            ******************************************************************************
     20            */
     21          
     22          /* Includes ------------------------------------------------------------------*/
     23          #include "stm32f10x_gpio.h"
     24          #include "stm32f10x_rcc.h"
     25          
     26          /** @addtogroup STM32F10x_StdPeriph_Driver
     27            * @{
     28            */
     29          
     30          /** @defgroup GPIO
     31            * @brief GPIO driver modules
     32            * @{
     33            */
     34          
     35          /** @defgroup GPIO_Private_TypesDefinitions
     36            * @{
     37            */
     38          
     39          /**
     40            * @}
     41            */
     42          
     43          /** @defgroup GPIO_Private_Defines
     44            * @{
     45            */
     46          
     47          /* ------------ RCC registers bit address in the alias region ----------------*/
     48          #define AFIO_OFFSET                 (AFIO_BASE - PERIPH_BASE)
     49          
     50          /* --- EVENTCR Register -----*/
     51          
     52          /* Alias word address of EVOE bit */
     53          #define EVCR_OFFSET                 (AFIO_OFFSET + 0x00)
     54          #define EVOE_BitNumber              ((uint8_t)0x07)
     55          #define EVCR_EVOE_BB                (PERIPH_BB_BASE + (EVCR_OFFSET * 32) + (EVOE_BitNumber * 4))
     56          
     57          
     58          /* ---  MAPR Register ---*/
     59          /* Alias word address of MII_RMII_SEL bit */
     60          #define MAPR_OFFSET                 (AFIO_OFFSET + 0x04)
     61          #define MII_RMII_SEL_BitNumber      ((u8)0x17)
     62          #define MAPR_MII_RMII_SEL_BB        (PERIPH_BB_BASE + (MAPR_OFFSET * 32) + (MII_RMII_SEL_BitNumber * 4))
     63          
     64          
     65          #define EVCR_PORTPINCONFIG_MASK     ((uint16_t)0xFF80)
     66          #define LSB_MASK                    ((uint16_t)0xFFFF)
     67          #define DBGAFR_POSITION_MASK        ((uint32_t)0x000F0000)
     68          #define DBGAFR_SWJCFG_MASK          ((uint32_t)0xF0FFFFFF)
     69          #define DBGAFR_LOCATION_MASK        ((uint32_t)0x00200000)
     70          #define DBGAFR_NUMBITS_MASK         ((uint32_t)0x00100000)
     71          /**
     72            * @}
     73            */
     74          
     75          /** @defgroup GPIO_Private_Macros
     76            * @{
     77            */
     78          
     79          /**
     80            * @}
     81            */
     82          
     83          /** @defgroup GPIO_Private_Variables
     84            * @{
     85            */
     86          
     87          /**
     88            * @}
     89            */
     90          
     91          /** @defgroup GPIO_Private_FunctionPrototypes
     92            * @{
     93            */
     94          
     95          /**
     96            * @}
     97            */
     98          
     99          /** @defgroup GPIO_Private_Functions
    100            * @{
    101            */
    102          
    103          /**
    104            * @brief  Deinitializes the GPIOx peripheral registers to their default reset values.
    105            * @param  GPIOx: where x can be (A..G) to select the GPIO peripheral.
    106            * @retval None
    107            */
    108          void GPIO_DeInit(GPIO_TypeDef *GPIOx)
    109          {
    110              /* Check the parameters */
    111              assert_param(IS_GPIO_ALL_PERIPH(GPIOx));
    112          
    113              if (GPIOx == GPIOA)
    114              {
    115                  RCC_APB2PeriphResetCmd(RCC_APB2Periph_GPIOA, ENABLE);
    116                  RCC_APB2PeriphResetCmd(RCC_APB2Periph_GPIOA, DISABLE);
    117              }
    118              else if (GPIOx == GPIOB)
    119              {
    120                  RCC_APB2PeriphResetCmd(RCC_APB2Periph_GPIOB, ENABLE);
    121                  RCC_APB2PeriphResetCmd(RCC_APB2Periph_GPIOB, DISABLE);
    122              }
    123              else if (GPIOx == GPIOC)
    124              {
    125                  RCC_APB2PeriphResetCmd(RCC_APB2Periph_GPIOC, ENABLE);
    126                  RCC_APB2PeriphResetCmd(RCC_APB2Periph_GPIOC, DISABLE);
    127              }
    128              else if (GPIOx == GPIOD)
    129              {
    130                  RCC_APB2PeriphResetCmd(RCC_APB2Periph_GPIOD, ENABLE);
    131                  RCC_APB2PeriphResetCmd(RCC_APB2Periph_GPIOD, DISABLE);
    132              }
    133              else if (GPIOx == GPIOE)
    134              {
    135                  RCC_APB2PeriphResetCmd(RCC_APB2Periph_GPIOE, ENABLE);
    136                  RCC_APB2PeriphResetCmd(RCC_APB2Periph_GPIOE, DISABLE);
    137              }
    138              else if (GPIOx == GPIOF)
    139              {
    140                  RCC_APB2PeriphResetCmd(RCC_APB2Periph_GPIOF, ENABLE);
    141                  RCC_APB2PeriphResetCmd(RCC_APB2Periph_GPIOF, DISABLE);
    142              }
    143              else
    144              {
    145                  if (GPIOx == GPIOG)
    146                  {
    147                      RCC_APB2PeriphResetCmd(RCC_APB2Periph_GPIOG, ENABLE);
    148                      RCC_APB2PeriphResetCmd(RCC_APB2Periph_GPIOG, DISABLE);
    149                  }
    150              }
    151          }
    152          
    153          /**
    154            * @brief  Deinitializes the Alternate Functions (remap, event control
    155            *   and EXTI configuration) registers to their default reset values.
    156            * @param  None
    157            * @retval None
    158            */
    159          void GPIO_AFIODeInit(void)
    160          {
    161              RCC_APB2PeriphResetCmd(RCC_APB2Periph_AFIO, ENABLE);
    162              RCC_APB2PeriphResetCmd(RCC_APB2Periph_AFIO, DISABLE);
    163          }
    164          
    165          /**
    166            * @brief  Initializes the GPIOx peripheral according to the specified
    167            *         parameters in the GPIO_InitStruct.
    168            * @param  GPIOx: where x can be (A..G) to select the GPIO peripheral.
    169            * @param  GPIO_InitStruct: pointer to a GPIO_InitTypeDef structure that
    170            *         contains the configuration information for the specified GPIO peripheral.
    171            * @retval None
    172            */
    173          void GPIO_Init(GPIO_TypeDef *GPIOx, GPIO_InitTypeDef *GPIO_InitStruct)
    174          {
    175              uint32_t currentmode = 0x00, currentpin = 0x00, pinpos = 0x00, pos = 0x00;
    176              uint32_t tmpreg = 0x00, pinmask = 0x00;
    177              /* Check the parameters */
    178              assert_param(IS_GPIO_ALL_PERIPH(GPIOx));
    179              assert_param(IS_GPIO_MODE(GPIO_InitStruct->GPIO_Mode));
    180              assert_param(IS_GPIO_PIN(GPIO_InitStruct->GPIO_Pin));
    181          
    182              /*---------------------------- GPIO Mode Configuration -----------------------*/
    183              currentmode = ((uint32_t)GPIO_InitStruct->GPIO_Mode) & ((uint32_t)0x0F);
    184              if ((((uint32_t)GPIO_InitStruct->GPIO_Mode) & ((uint32_t)0x10)) != 0x00)
    185              {
    186                  /* Check the parameters */
    187                  assert_param(IS_GPIO_SPEED(GPIO_InitStruct->GPIO_Speed));
    188                  /* Output mode */
    189                  currentmode |= (uint32_t)GPIO_InitStruct->GPIO_Speed;
    190              }
    191              /*---------------------------- GPIO CRL Configuration ------------------------*/
    192              /* Configure the eight low port pins */
    193              if (((uint32_t)GPIO_InitStruct->GPIO_Pin & ((uint32_t)0x00FF)) != 0x00)
    194              {
    195                  tmpreg = GPIOx->CRL;
    196                  for (pinpos = 0x00; pinpos < 0x08; pinpos++)
    197                  {
    198                      pos = ((uint32_t)0x01) << pinpos;
    199                      /* Get the port pins position */
    200                      currentpin = (GPIO_InitStruct->GPIO_Pin) & pos;
    201                      if (currentpin == pos)
    202                      {
    203                          pos = pinpos << 2;
    204                          /* Clear the corresponding low control register bits */
    205                          pinmask = ((uint32_t)0x0F) << pos;
    206                          tmpreg &= ~pinmask;
    207                          /* Write the mode configuration in the corresponding bits */
    208                          tmpreg |= (currentmode << pos);
    209                          /* Reset the corresponding ODR bit */
    210                          if (GPIO_InitStruct->GPIO_Mode == GPIO_Mode_IPD)
    211                          {
    212                              GPIOx->BRR = (((uint32_t)0x01) << pinpos);
    213                          }
    214                          else
    215                          {
    216                              /* Set the corresponding ODR bit */
    217                              if (GPIO_InitStruct->GPIO_Mode == GPIO_Mode_IPU)
    218                              {
    219                                  GPIOx->BSRR = (((uint32_t)0x01) << pinpos);
    220                              }
    221                          }
    222                      }
    223                  }
    224                  GPIOx->CRL = tmpreg;
    225              }
    226              /*---------------------------- GPIO CRH Configuration ------------------------*/
    227              /* Configure the eight high port pins */
    228              if (GPIO_InitStruct->GPIO_Pin > 0x00FF)
    229              {
    230                  tmpreg = GPIOx->CRH;
    231                  for (pinpos = 0x00; pinpos < 0x08; pinpos++)
    232                  {
    233                      pos = (((uint32_t)0x01) << (pinpos + 0x08));
    234                      /* Get the port pins position */
    235                      currentpin = ((GPIO_InitStruct->GPIO_Pin) & pos);
    236                      if (currentpin == pos)
    237                      {
    238                          pos = pinpos << 2;
    239                          /* Clear the corresponding high control register bits */
    240                          pinmask = ((uint32_t)0x0F) << pos;
    241                          tmpreg &= ~pinmask;
    242                          /* Write the mode configuration in the corresponding bits */
    243                          tmpreg |= (currentmode << pos);
    244                          /* Reset the corresponding ODR bit */
    245                          if (GPIO_InitStruct->GPIO_Mode == GPIO_Mode_IPD)
    246                          {
    247                              GPIOx->BRR = (((uint32_t)0x01) << (pinpos + 0x08));
    248                          }
    249                          /* Set the corresponding ODR bit */
    250                          if (GPIO_InitStruct->GPIO_Mode == GPIO_Mode_IPU)
    251                          {
    252                              GPIOx->BSRR = (((uint32_t)0x01) << (pinpos + 0x08));
    253                          }
    254                      }
    255                  }
    256                  GPIOx->CRH = tmpreg;
    257              }
    258          }
    259          
    260          /**
    261            * @brief  Fills each GPIO_InitStruct member with its default value.
    262            * @param  GPIO_InitStruct : pointer to a GPIO_InitTypeDef structure which will
    263            *         be initialized.
    264            * @retval None
    265            */
    266          void GPIO_StructInit(GPIO_InitTypeDef *GPIO_InitStruct)
    267          {
    268              /* Reset GPIO init structure parameters values */
    269              GPIO_InitStruct->GPIO_Pin  = GPIO_Pin_All;
    270              GPIO_InitStruct->GPIO_Speed = GPIO_Speed_2MHz;
    271              GPIO_InitStruct->GPIO_Mode = GPIO_Mode_IN_FLOATING;
    272          }
    273          
    274          /**
    275            * @brief  Reads the specified input port pin.
    276            * @param  GPIOx: where x can be (A..G) to select the GPIO peripheral.
    277            * @param  GPIO_Pin:  specifies the port bit to read.
    278            *   This parameter can be GPIO_Pin_x where x can be (0..15).
    279            * @retval The input port pin value.
    280            */
    281          uint8_t GPIO_ReadInputDataBit(GPIO_TypeDef *GPIOx, uint16_t GPIO_Pin)
    282          {
    283              uint8_t bitstatus = 0x00;
    284          
    285              /* Check the parameters */
    286              assert_param(IS_GPIO_ALL_PERIPH(GPIOx));
    287              assert_param(IS_GET_GPIO_PIN(GPIO_Pin));
    288          
    289              if ((GPIOx->IDR & GPIO_Pin) != (uint32_t)Bit_RESET)
    290              {
    291                  bitstatus = (uint8_t)Bit_SET;
    292              }
    293              else
    294              {
    295                  bitstatus = (uint8_t)Bit_RESET;
    296              }
    297              return bitstatus;
    298          }
    299          
    300          /**
    301            * @brief  Reads the specified GPIO input data port.
    302            * @param  GPIOx: where x can be (A..G) to select the GPIO peripheral.
    303            * @retval GPIO input data port value.
    304            */
    305          uint16_t GPIO_ReadInputData(GPIO_TypeDef *GPIOx)
    306          {
    307              /* Check the parameters */
    308              assert_param(IS_GPIO_ALL_PERIPH(GPIOx));
    309          
    310              return ((uint16_t)GPIOx->IDR);
    311          }
    312          
    313          /**
    314            * @brief  Reads the specified output data port bit.
    315            * @param  GPIOx: where x can be (A..G) to select the GPIO peripheral.
    316            * @param  GPIO_Pin:  specifies the port bit to read.
    317            *   This parameter can be GPIO_Pin_x where x can be (0..15).
    318            * @retval The output port pin value.
    319            */
    320          uint8_t GPIO_ReadOutputDataBit(GPIO_TypeDef *GPIOx, uint16_t GPIO_Pin)
    321          {
    322              uint8_t bitstatus = 0x00;
    323              /* Check the parameters */
    324              assert_param(IS_GPIO_ALL_PERIPH(GPIOx));
    325              assert_param(IS_GET_GPIO_PIN(GPIO_Pin));
    326          
    327              if ((GPIOx->ODR & GPIO_Pin) != (uint32_t)Bit_RESET)
    328              {
    329                  bitstatus = (uint8_t)Bit_SET;
    330              }
    331              else
    332              {
    333                  bitstatus = (uint8_t)Bit_RESET;
    334              }
    335              return bitstatus;
    336          }
    337          
    338          /**
    339            * @brief  Reads the specified GPIO output data port.
    340            * @param  GPIOx: where x can be (A..G) to select the GPIO peripheral.
    341            * @retval GPIO output data port value.
    342            */
    343          uint16_t GPIO_ReadOutputData(GPIO_TypeDef *GPIOx)
    344          {
    345              /* Check the parameters */
    346              assert_param(IS_GPIO_ALL_PERIPH(GPIOx));
    347          
    348              return ((uint16_t)GPIOx->ODR);
    349          }
    350          
    351          /**
    352            * @brief  Sets the selected data port bits.
    353            * @param  GPIOx: where x can be (A..G) to select the GPIO peripheral.
    354            * @param  GPIO_Pin: specifies the port bits to be written.
    355            *   This parameter can be any combination of GPIO_Pin_x where x can be (0..15).
    356            * @retval None
    357            */
    358          void GPIO_SetBits(GPIO_TypeDef *GPIOx, uint16_t GPIO_Pin)
    359          {
    360              /* Check the parameters */
    361              assert_param(IS_GPIO_ALL_PERIPH(GPIOx));
    362              assert_param(IS_GPIO_PIN(GPIO_Pin));
    363          
    364              GPIOx->BSRR = GPIO_Pin;
    365          }
    366          
    367          /**
    368            * @brief  Clears the selected data port bits.
    369            * @param  GPIOx: where x can be (A..G) to select the GPIO peripheral.
    370            * @param  GPIO_Pin: specifies the port bits to be written.
    371            *   This parameter can be any combination of GPIO_Pin_x where x can be (0..15).
    372            * @retval None
    373            */
    374          void GPIO_ResetBits(GPIO_TypeDef *GPIOx, uint16_t GPIO_Pin)
    375          {
    376              /* Check the parameters */
    377              assert_param(IS_GPIO_ALL_PERIPH(GPIOx));
    378              assert_param(IS_GPIO_PIN(GPIO_Pin));
    379          
    380              GPIOx->BRR = GPIO_Pin;
    381          }
    382          
    383          /**
    384            * @brief  Sets or clears the selected data port bit.
    385            * @param  GPIOx: where x can be (A..G) to select the GPIO peripheral.
    386            * @param  GPIO_Pin: specifies the port bit to be written.
    387            *   This parameter can be one of GPIO_Pin_x where x can be (0..15).
    388            * @param  BitVal: specifies the value to be written to the selected bit.
    389            *   This parameter can be one of the BitAction enum values:
    390            *     @arg Bit_RESET: to clear the port pin
    391            *     @arg Bit_SET: to set the port pin
    392            * @retval None
    393            */
    394          void GPIO_WriteBit(GPIO_TypeDef *GPIOx, uint16_t GPIO_Pin, BitAction BitVal)
    395          {
    396              /* Check the parameters */
    397              assert_param(IS_GPIO_ALL_PERIPH(GPIOx));
    398              assert_param(IS_GET_GPIO_PIN(GPIO_Pin));
    399              assert_param(IS_GPIO_BIT_ACTION(BitVal));
    400          
    401              if (BitVal != Bit_RESET)
    402              {
    403                  GPIOx->BSRR = GPIO_Pin;
    404              }
    405              else
    406              {
    407                  GPIOx->BRR = GPIO_Pin;
    408              }
    409          }
    410          
    411          /**
    412            * @brief  Writes data to the specified GPIO data port.
    413            * @param  GPIOx: where x can be (A..G) to select the GPIO peripheral.
    414            * @param  PortVal: specifies the value to be written to the port output data register.
    415            * @retval None
    416            */
    417          void GPIO_Write(GPIO_TypeDef *GPIOx, uint16_t PortVal)
    418          {
    419              /* Check the parameters */
    420              assert_param(IS_GPIO_ALL_PERIPH(GPIOx));
    421          
    422              GPIOx->ODR = PortVal;
    423          }
    424          
    425          /**
    426            * @brief  Locks GPIO Pins configuration registers.
    427            * @param  GPIOx: where x can be (A..G) to select the GPIO peripheral.
    428            * @param  GPIO_Pin: specifies the port bit to be written.
    429            *   This parameter can be any combination of GPIO_Pin_x where x can be (0..15).
    430            * @retval None
    431            */
    432          void GPIO_PinLockConfig(GPIO_TypeDef *GPIOx, uint16_t GPIO_Pin)
    433          {
    434              uint32_t tmp = 0x00010000;
    435          
    436              /* Check the parameters */
    437              assert_param(IS_GPIO_ALL_PERIPH(GPIOx));
    438              assert_param(IS_GPIO_PIN(GPIO_Pin));
    439          
    440              tmp |= GPIO_Pin;
    441              /* Set LCKK bit */
    442              GPIOx->LCKR = tmp;
    443              /* Reset LCKK bit */
    444              GPIOx->LCKR =  GPIO_Pin;
    445              /* Set LCKK bit */
    446              GPIOx->LCKR = tmp;
    447              /* Read LCKK bit*/
    448              tmp = GPIOx->LCKR;
    449              /* Read LCKK bit*/
    450              tmp = GPIOx->LCKR;
    451          }
    452          
    453          /**
    454            * @brief  Selects the GPIO pin used as Event output.
    455            * @param  GPIO_PortSource: selects the GPIO port to be used as source
    456            *   for Event output.
    457            *   This parameter can be GPIO_PortSourceGPIOx where x can be (A..E).
    458            * @param  GPIO_PinSource: specifies the pin for the Event output.
    459            *   This parameter can be GPIO_PinSourcex where x can be (0..15).
    460            * @retval None
    461            */
    462          void GPIO_EventOutputConfig(uint8_t GPIO_PortSource, uint8_t GPIO_PinSource)
    463          {
    464              uint32_t tmpreg = 0x00;
    465              /* Check the parameters */
    466              assert_param(IS_GPIO_EVENTOUT_PORT_SOURCE(GPIO_PortSource));
    467              assert_param(IS_GPIO_PIN_SOURCE(GPIO_PinSource));
    468          
    469              tmpreg = AFIO->EVCR;
    470              /* Clear the PORT[6:4] and PIN[3:0] bits */
    471              tmpreg &= EVCR_PORTPINCONFIG_MASK;
    472              tmpreg |= (uint32_t)GPIO_PortSource << 0x04;
    473              tmpreg |= GPIO_PinSource;
    474              AFIO->EVCR = tmpreg;
    475          }
    476          
    477          /**
    478            * @brief  Enables or disables the Event Output.
    479            * @param  NewState: new state of the Event output.
    480            *   This parameter can be: ENABLE or DISABLE.
    481            * @retval None
    482            */
    483          void GPIO_EventOutputCmd(FunctionalState NewState)
    484          {
    485              /* Check the parameters */
    486              assert_param(IS_FUNCTIONAL_STATE(NewState));
    487          
    488              *(__IO uint32_t *) EVCR_EVOE_BB = (uint32_t)NewState;
    489          }
    490          
    491          /**
    492            * @brief  Changes the mapping of the specified pin.
    493            * @param  GPIO_Remap: selects the pin to remap.
    494            *   This parameter can be one of the following values:
    495            *     @arg GPIO_Remap_SPI1             : SPI1 Alternate Function mapping
    496            *     @arg GPIO_Remap_I2C1             : I2C1 Alternate Function mapping
    497            *     @arg GPIO_Remap_USART1           : USART1 Alternate Function mapping
    498            *     @arg GPIO_Remap_USART2           : USART2 Alternate Function mapping
    499            *     @arg GPIO_PartialRemap_USART3    : USART3 Partial Alternate Function mapping
    500            *     @arg GPIO_FullRemap_USART3       : USART3 Full Alternate Function mapping
    501            *     @arg GPIO_PartialRemap_TIM1      : TIM1 Partial Alternate Function mapping
    502            *     @arg GPIO_FullRemap_TIM1         : TIM1 Full Alternate Function mapping
    503            *     @arg GPIO_PartialRemap1_TIM2     : TIM2 Partial1 Alternate Function mapping
    504            *     @arg GPIO_PartialRemap2_TIM2     : TIM2 Partial2 Alternate Function mapping
    505            *     @arg GPIO_FullRemap_TIM2         : TIM2 Full Alternate Function mapping
    506            *     @arg GPIO_PartialRemap_TIM3      : TIM3 Partial Alternate Function mapping
    507            *     @arg GPIO_FullRemap_TIM3         : TIM3 Full Alternate Function mapping
    508            *     @arg GPIO_Remap_TIM4             : TIM4 Alternate Function mapping
    509            *     @arg GPIO_Remap1_CAN1            : CAN1 Alternate Function mapping
    510            *     @arg GPIO_Remap2_CAN1            : CAN1 Alternate Function mapping
    511            *     @arg GPIO_Remap_PD01             : PD01 Alternate Function mapping
    512            *     @arg GPIO_Remap_TIM5CH4_LSI      : LSI connected to TIM5 Channel4 input capture for calibration
    513            *     @arg GPIO_Remap_ADC1_ETRGINJ     : ADC1 External Trigger Injected Conversion remapping
    514            *     @arg GPIO_Remap_ADC1_ETRGREG     : ADC1 External Trigger Regular Conversion remapping
    515            *     @arg GPIO_Remap_ADC2_ETRGINJ     : ADC2 External Trigger Injected Conversion remapping
    516            *     @arg GPIO_Remap_ADC2_ETRGREG     : ADC2 External Trigger Regular Conversion remapping
    517            *     @arg GPIO_Remap_ETH              : Ethernet remapping (only for Connectivity line devices)
    518            *     @arg GPIO_Remap_CAN2             : CAN2 remapping (only for Connectivity line devices)
    519            *     @arg GPIO_Remap_SWJ_NoJTRST      : Full SWJ Enabled (JTAG-DP + SW-DP) but without JTRST
    520            *     @arg GPIO_Remap_SWJ_JTAGDisable  : JTAG-DP Disabled and SW-DP Enabled
    521            *     @arg GPIO_Remap_SWJ_Disable      : Full SWJ Disabled (JTAG-DP + SW-DP)
    522            *     @arg GPIO_Remap_SPI3             : SPI3/I2S3 Alternate Function mapping (only for Connectivity line devices)
    523            *                                        When the SPI3/I2S3 is remapped using this function, the SWJ is configured
    524            *                                        to Full SWJ Enabled (JTAG-DP + SW-DP) but without JTRST.
    525            *     @arg GPIO_Remap_TIM2ITR1_PTP_SOF : Ethernet PTP output or USB OTG SOF (Start of Frame) connected
    526            *                                        to TIM2 Internal Trigger 1 for calibration (only for Connectivity line devices)
    527            *                                        If the GPIO_Remap_TIM2ITR1_PTP_SOF is enabled the TIM2 ITR1 is connected to
    528            *                                        Ethernet PTP output. When Reset TIM2 ITR1 is connected to USB OTG SOF output.
    529            *     @arg GPIO_Remap_PTP_PPS          : Ethernet MAC PPS_PTS output on PB05 (only for Connectivity line devices)
    530            *     @arg GPIO_Remap_TIM15            : TIM15 Alternate Function mapping (only for Value line devices)
    531            *     @arg GPIO_Remap_TIM16            : TIM16 Alternate Function mapping (only for Value line devices)
    532            *     @arg GPIO_Remap_TIM17            : TIM17 Alternate Function mapping (only for Value line devices)
    533            *     @arg GPIO_Remap_CEC              : CEC Alternate Function mapping (only for Value line devices)
    534            *     @arg GPIO_Remap_TIM1_DMA         : TIM1 DMA requests mapping (only for Value line devices)
    535            *     @arg GPIO_Remap_TIM9             : TIM9 Alternate Function mapping (only for XL-density devices)
    536            *     @arg GPIO_Remap_TIM10            : TIM10 Alternate Function mapping (only for XL-density devices)
    537            *     @arg GPIO_Remap_TIM11            : TIM11 Alternate Function mapping (only for XL-density devices)
    538            *     @arg GPIO_Remap_TIM13            : TIM13 Alternate Function mapping (only for High density Value line and XL-density devices)
    539            *     @arg GPIO_Remap_TIM14            : TIM14 Alternate Function mapping (only for High density Value line and XL-density devices)
    540            *     @arg GPIO_Remap_FSMC_NADV        : FSMC_NADV Alternate Function mapping (only for High density Value line and XL-density devices)
    541            *     @arg GPIO_Remap_TIM67_DAC_DMA    : TIM6/TIM7 and DAC DMA requests remapping (only for High density Value line devices)
    542            *     @arg GPIO_Remap_TIM12            : TIM12 Alternate Function mapping (only for High density Value line devices)
    543            *     @arg GPIO_Remap_MISC             : Miscellaneous Remap (DMA2 Channel5 Position and DAC Trigger remapping,
    544            *                                        only for High density Value line devices)
    545            * @param  NewState: new state of the port pin remapping.
    546            *   This parameter can be: ENABLE or DISABLE.
    547            * @retval None
    548            */
    549          void GPIO_PinRemapConfig(uint32_t GPIO_Remap, FunctionalState NewState)
    550          {
    551              uint32_t tmp = 0x00, tmp1 = 0x00, tmpreg = 0x00, tmpmask = 0x00;
    552          
    553              /* Check the parameters */
    554              assert_param(IS_GPIO_REMAP(GPIO_Remap));
    555              assert_param(IS_FUNCTIONAL_STATE(NewState));
    556          
    557              if((GPIO_Remap & 0x80000000) == 0x80000000)
    558              {
    559                  tmpreg = AFIO->MAPR2;
    560              }
    561              else
    562              {
    563                  tmpreg = AFIO->MAPR;
    564              }
    565          
    566              tmpmask = (GPIO_Remap & DBGAFR_POSITION_MASK) >> 0x10;
    567              tmp = GPIO_Remap & LSB_MASK;
    568          
    569              if ((GPIO_Remap & (DBGAFR_LOCATION_MASK | DBGAFR_NUMBITS_MASK)) == (DBGAFR_LOCATION_MASK | DBGAFR_NUMBITS_MASK))
    570              {
    571                  tmpreg &= DBGAFR_SWJCFG_MASK;
    572                  AFIO->MAPR &= DBGAFR_SWJCFG_MASK;
    573              }
    574              else if ((GPIO_Remap & DBGAFR_NUMBITS_MASK) == DBGAFR_NUMBITS_MASK)
    575              {
    576                  tmp1 = ((uint32_t)0x03) << tmpmask;
    577                  tmpreg &= ~tmp1;
    578                  tmpreg |= ~DBGAFR_SWJCFG_MASK;
    579              }
    580              else
    581              {
    582                  tmpreg &= ~(tmp << ((GPIO_Remap >> 0x15) * 0x10));
    583                  tmpreg |= ~DBGAFR_SWJCFG_MASK;
    584              }
    585          
    586              if (NewState != DISABLE)
    587              {
    588                  tmpreg |= (tmp << ((GPIO_Remap >> 0x15) * 0x10));
    589              }
    590          
    591              if((GPIO_Remap & 0x80000000) == 0x80000000)
    592              {
    593                  AFIO->MAPR2 = tmpreg;
    594              }
    595              else
    596              {
    597                  AFIO->MAPR = tmpreg;
    598              }
    599          }
    600          
    601          /**
    602            * @brief  Selects the GPIO pin used as EXTI Line.
    603            * @param  GPIO_PortSource: selects the GPIO port to be used as source for EXTI lines.
    604            *   This parameter can be GPIO_PortSourceGPIOx where x can be (A..G).
    605            * @param  GPIO_PinSource: specifies the EXTI line to be configured.
    606            *   This parameter can be GPIO_PinSourcex where x can be (0..15).
    607            * @retval None
    608            */
    609          void GPIO_EXTILineConfig(uint8_t GPIO_PortSource, uint8_t GPIO_PinSource)
    610          {
    611              uint32_t tmp = 0x00;
    612              /* Check the parameters */
    613              assert_param(IS_GPIO_EXTI_PORT_SOURCE(GPIO_PortSource));
    614              assert_param(IS_GPIO_PIN_SOURCE(GPIO_PinSource));
    615          
    616              tmp = ((uint32_t)0x0F) << (0x04 * (GPIO_PinSource & (uint8_t)0x03));
    617              AFIO->EXTICR[GPIO_PinSource >> 0x02] &= ~tmp;
    618              AFIO->EXTICR[GPIO_PinSource >> 0x02] |= (((uint32_t)GPIO_PortSource) << (0x04 * (GPIO_PinSource & (uint8_t)0x03)));
    619          }
    620          
    621          /**
    622            * @brief  Selects the Ethernet media interface.
    623            * @note   This function applies only to STM32 Connectivity line devices.
    624            * @param  GPIO_ETH_MediaInterface: specifies the Media Interface mode.
    625            *   This parameter can be one of the following values:
    626            *     @arg GPIO_ETH_MediaInterface_MII: MII mode
    627            *     @arg GPIO_ETH_MediaInterface_RMII: RMII mode
    628            * @retval None
    629            */
    630          void GPIO_ETH_MediaInterfaceConfig(uint32_t GPIO_ETH_MediaInterface)
    631          {
    632              assert_param(IS_GPIO_ETH_MEDIA_INTERFACE(GPIO_ETH_MediaInterface));
    633          
    634              /* Configure MII_RMII selection bit */
    635              *(__IO uint32_t *) MAPR_MII_RMII_SEL_BB = GPIO_ETH_MediaInterface;
    636          }
    637          
    638          /**
    639            * @}
    640            */
    641          
    642          /**
    643            * @}
    644            */
    645          
    646          /**
    647            * @}
    648            */
    649          
    650          /******************* (C) COPYRIGHT 2011 STMicroelectronics *****END OF FILE****/

   Maximum stack usage in bytes:

   .cstack Function
   ------- --------
        8  GPIO_AFIODeInit
             8 -> RCC_APB2PeriphResetCmd
        8  GPIO_DeInit
             8 -> RCC_APB2PeriphResetCmd
        0  GPIO_ETH_MediaInterfaceConfig
        8  GPIO_EXTILineConfig
        0  GPIO_EventOutputCmd
        0  GPIO_EventOutputConfig
       20  GPIO_Init
        0  GPIO_PinLockConfig
       16  GPIO_PinRemapConfig
        0  GPIO_ReadInputData
        0  GPIO_ReadInputDataBit
        0  GPIO_ReadOutputData
        0  GPIO_ReadOutputDataBit
        0  GPIO_ResetBits
        0  GPIO_SetBits
        0  GPIO_StructInit
        0  GPIO_Write
        0  GPIO_WriteBit


   Section sizes:

   Bytes  Function/Label
   -----  --------------
       4  ??DataTable5
       4  ??DataTable5_1
       4  ??DataTable5_10
       4  ??DataTable5_11
       4  ??DataTable5_12
       4  ??DataTable5_2
       4  ??DataTable5_3
       4  ??DataTable5_4
       4  ??DataTable5_5
       4  ??DataTable5_6
       4  ??DataTable5_7
       4  ??DataTable5_8
       4  ??DataTable5_9
      20  GPIO_AFIODeInit
     180  GPIO_DeInit
       6  GPIO_ETH_MediaInterfaceConfig
      80  GPIO_EXTILineConfig
       8  GPIO_EventOutputCmd
      30  GPIO_EventOutputConfig
     312  GPIO_Init
      26  GPIO_PinLockConfig
     136  GPIO_PinRemapConfig
       6  GPIO_ReadInputData
      26  GPIO_ReadInputDataBit
       6  GPIO_ReadOutputData
      26  GPIO_ReadOutputDataBit
       6  GPIO_ResetBits
       6  GPIO_SetBits
      16  GPIO_StructInit
       6  GPIO_Write
      18  GPIO_WriteBit

 
 966 bytes in section .text
 
 966 bytes of CODE memory

Errors: none
Warnings: none
