###############################################################################
#                                                                             #
# IAR ANSI C/C++ Compiler V6.30.1.53127/W32 for ARM     22/Jun/2016  13:18:54 #
# Copyright 1999-2011 IAR Systems AB.                                         #
#                                                                             #
#    Cpu mode     =  thumb                                                    #
#    Endian       =  little                                                   #
#    Source file  =  F:\软件工程\平台正式代码001\Benze_MainBoard\baoma_36\ben #
#                    ci_newC_V45\Project\Common\uart_fun.c                    #
#    Command line =  F:\软件工程\平台正式代码001\Benze_MainBoard\baoma_36\ben #
#                    ci_newC_V45\Project\Common\uart_fun.c -D                 #
#                    USE_STDPERIPH_DRIVER -D USE_STM32100B_EVAL -D            #
#                    STM32F10X_CL -lc F:\软件工程\平台正式代码001\Benze_MainB #
#                    oard\baoma_36\benci_newC_V45\Project\STM32F10x_StdPeriph #
#                    _Template\EWARM\Debug\List\ -lA                          #
#                    F:\软件工程\平台正式代码001\Benze_MainBoard\baoma_36\ben #
#                    ci_newC_V45\Project\STM32F10x_StdPeriph_Template\EWARM\D #
#                    ebug\List\ -o F:\软件工程\平台正式代码001\Benze_MainBoar #
#                    d\baoma_36\benci_newC_V45\Project\STM32F10x_StdPeriph_Te #
#                    mplate\EWARM\Debug\Obj\ --no_cse --no_unroll             #
#                    --no_inline --no_code_motion --no_tbaa --no_clustering   #
#                    --no_scheduling --debug --endian=little --cpu=Cortex-M3  #
#                    -e --fpu=None --dlib_config "C:\Program Files\IAR        #
#                    Systems\Embedded Workbench 6.0_2\arm\INC\c\DLib_Config_F #
#                    ull.h" -I F:\软件工程\平台正式代码001\Benze_MainBoard\ba #
#                    oma_36\benci_newC_V45\Project\STM32F10x_StdPeriph_Templa #
#                    te\EWARM\ -I F:\软件工程\平台正式代码001\Benze_MainBoard #
#                    \baoma_36\benci_newC_V45\Project\STM32F10x_StdPeriph_Tem #
#                    plate\EWARM\..\ -I F:\软件工程\平台正式代码001\Benze_Mai #
#                    nBoard\baoma_36\benci_newC_V45\Project\STM32F10x_StdPeri #
#                    ph_Template\EWARM\..\..\..\Libraries\STM32F10x_StdPeriph #
#                    _Driver\inc\ -I F:\软件工程\平台正式代码001\Benze_MainBo #
#                    ard\baoma_36\benci_newC_V45\Project\STM32F10x_StdPeriph_ #
#                    Template\EWARM\..\..\..\Libraries\STM32F10x_StdPeriph_Dr #
#                    iver\src\ -I F:\软件工程\平台正式代码001\Benze_MainBoard #
#                    \baoma_36\benci_newC_V45\Project\STM32F10x_StdPeriph_Tem #
#                    plate\EWARM\..\..\..\Project/Common\ -I                  #
#                    F:\软件工程\平台正式代码001\Benze_MainBoard\baoma_36\ben #
#                    ci_newC_V45\Project\STM32F10x_StdPeriph_Template\EWARM\. #
#                    .\..\..\Project/TW8836\ -I F:\软件工程\平台正式代码001\B #
#                    enze_MainBoard\baoma_36\benci_newC_V45\Project\STM32F10x #
#                    _StdPeriph_Template\EWARM\..\..\..\Project/CAN\ -I       #
#                    F:\软件工程\平台正式代码001\Benze_MainBoard\baoma_36\ben #
#                    ci_newC_V45\Project\STM32F10x_StdPeriph_Template\EWARM\. #
#                    .\..\..\Project/FM\ -I F:\软件工程\平台正式代码001\Benze #
#                    _MainBoard\baoma_36\benci_newC_V45\Project\STM32F10x_Std #
#                    Periph_Template\EWARM\..\..\..\Project/ARM\ -I           #
#                    F:\软件工程\平台正式代码001\Benze_MainBoard\baoma_36\ben #
#                    ci_newC_V45\Project\STM32F10x_StdPeriph_Template\EWARM\. #
#                    .\..\..\Libraries\CMSIS\CM3\DeviceSupport\ST\STM32F10x\  #
#                    -On -I "C:\Program Files\IAR Systems\Embedded Workbench  #
#                    6.0_2\arm\CMSIS\Include\"                                #
#    List file    =  F:\软件工程\平台正式代码001\Benze_MainBoard\baoma_36\ben #
#                    ci_newC_V45\Project\STM32F10x_StdPeriph_Template\EWARM\D #
#                    ebug\List\uart_fun.lst                                   #
#    Object file  =  F:\软件工程\平台正式代码001\Benze_MainBoard\baoma_36\ben #
#                    ci_newC_V45\Project\STM32F10x_StdPeriph_Template\EWARM\D #
#                    ebug\Obj\uart_fun.o                                      #
#                                                                             #
#                                                                             #
###############################################################################

F:\软件工程\平台正式代码001\Benze_MainBoard\baoma_36\benci_newC_V45\Project\Common\uart_fun.c
      1          /*
      2          this file is to define the functions using uart port
      3          
      4          by Miller.Tao
      5          date :20150730
      6          
      7          */
      8          #define _UART_FUN_C_
      9          #include "uart_fun.h"
     10          #include "arm_driver.h"
     11          #include "includes.h"
     12          #include "arm.h"
     13          #include "com.h"
     14          
     15          void UART_SRC_process(void)
     16          {
     17          		switch(ARM_rec_src_buff[0])
     18          		{
     19          			case COM_SRC_OFFLCD:
     20          				break;
     21          			case COM_SRC_RADIO:			
     22          
     23          				
     24          				break;
     25          			case COM_SRC_DVD:
     26          	
     27          				
     28          				break;
     29          			case COM_SRC_NAVI:
     30          
     31          				break;
     32          			case COM_SRC_BT:
     33          
     34          				break;
     35          			case COM_SRC_AV1:
     36          			
     37          				break;
     38          			case COM_SRC_AV2:
     39          				
     40          				break;
     41          			case COM_SRC_VIDEOPLAY:
     42          					
     43          				break;
     44          				
     45          
     46          				
     47          				break;
     48          			case COM_SRC_IPOD:
     49          				
     50          				break;
     51          			case COM_SRC_DVR:
     52          					
     53          				break;
     54          			
     55          			case  COM_SRC_ARM: 
     56          				if(ARM_rec_src_buff[1]==0x03)//切换失败
     57          				{
     58          					//F_Src_app_init_id=0;
     59          				}
     60          				else if(ARM_rec_src_buff[1]==0x01)//用户手动切换				
     61          				{
     62          					//Draw_SRC_Root_Menu(SRC_App);
     63          					Sys.Main_Source=SRC_ARM;
     64          					Adjust_Source(Sys.Main_Source);
     65          				}
     66          				else if(Sys.Main_Source!=SRC_ARM)
     67          				{
     68          	
     69          					Sys.Main_Source=SRC_ARM;
     70          					Adjust_Source(Sys.Main_Source);
     71          				}	
     72          				break;
     73          			case COM_SRC_CarMedia: 
     74          				if(ARM_rec_src_buff[1]==0x03)//切换失败
     75          				{
     76          					//F_Src_app_init_id=0;
     77          				}
     78          				else if(ARM_rec_src_buff[1]==0x01)//用户手动切换				
     79          				{
     80          					//Draw_SRC_Root_Menu(SRC_App);
     81          					Sys.Main_Source=SRC_CarMedia;
     82          					Adjust_Source(Sys.Main_Source);
     83          				}
     84          				else if(Sys.Main_Source!=SRC_CarMedia)
     85          				{
     86          	
     87          					Sys.Main_Source=SRC_CarMedia;
     88          					Adjust_Source(Sys.Main_Source);
     89          				}	
     90          				break;
     91          			case COM_SRC_CVBS: 
     92          				if(ARM_rec_src_buff[1]==0x03)//切换失败
     93          				{
     94          					//F_Src_app_init_id=0;
     95          				}
     96          				else if(ARM_rec_src_buff[1]==0x01)//用户手动切换				
     97          				{
     98          					//Draw_SRC_Root_Menu(SRC_App);
     99          					Sys.Main_Source=SRC_CVBS;
    100          					Adjust_Source(Sys.Main_Source);
    101          				}
    102          				else if(Sys.Main_Source!=SRC_CVBS)
    103          				{
    104          	
    105          					Sys.Main_Source=SRC_CVBS;
    106          					Adjust_Source(Sys.Main_Source);
    107          				}	
    108          				break;
    109          			case COM_SRC_CAMBOX: 
    110          					
    111          				break;
    112          			case COM_SRC_SET:
    113          				break;
    114          			case COM_SRC_MAINMENU:
    115          				break;
    116          			case COM_SRC_EXIT:				
    117          				break;
    118          			default:
    119          				break;
    120          		}
    121          }
    122          void UART_get_version_process(void)			
    123          {
    124          	Byte Buff[20],i=4,check_sum=0;
    125          	
    126          		Buff[0]=0X2e;
    127          		Buff[1]=6;
    128          		Buff[2]=COM_MCU_ID;
    129          		Buff[3]=ARM_send_version_type;
    130          		
    131          		Buff[4]=*MCU_VERSION;//Sys.mcu_version[0];	
    132          		Buff[5]=*(MCU_VERSION+1);//Sys.mcu_version[1];	
    133          		Buff[6]=*(MCU_VERSION+2);//Sys.mcu_version[2];	
    134          		Buff[7]=*(MCU_VERSION+3);//Sys.mcu_version[3];	
    135          
    136          		for(i=1;i<=(Buff[1]+1);i++)	
    137          			check_sum+=Buff[i];//校验和
    138          		Buff[Buff[1]+2]=0xff-check_sum;
    139          
    140          		ARM_data_Send(Buff);		
    141          }
    142          void UART_arm_ACC_Send(BYTE acc,BYTE power)
    143          {
    144          	Byte Buff[30],i,check_sum=0;
    145          	
    146          	Buff[0]=0X2e;
    147          	Buff[1]=4;
    148          	Buff[2]=COM_MCU_ID;
    149          	Buff[3]=ARM_send_power_type;
    150          	Buff[4]=acc;
    151          	Buff[5]=power;
    152          	
    153          	for(i=1;i<=(Buff[1]+1);i++)	
    154          		check_sum+=Buff[i];//校验和
    155          	Buff[Buff[1]+2]=0xff-check_sum;
    156          
    157          	ARM_data_Send(Buff);	
    158          }
    159          void UART_SetFM_process(UINT freq)
    160          {
    161                 radio_fm_set_freq(freq);
    162          
    163          }
    164          void UART_Touch_process(void)
    165          {
    166          	if(Touch_valide_count==0)
    167          	{
    168          		//if(ARM_rec_touch_buff[0]==TOUCH_PUSH)
    169          			Touch_status=ARM_rec_touch_buff[0];
    170          		X_POS=MAKEWORD(ARM_rec_touch_buff[1],ARM_rec_touch_buff[2]);
    171          		Y_POS=MAKEWORD(ARM_rec_touch_buff[3],ARM_rec_touch_buff[4]);
    172          	}
    173          }

   Maximum stack usage in bytes:

   .cstack Function
   ------- --------
        8  UART_SRC_process
              8 -> Adjust_Source
        8  UART_SetFM_process
              8 -> radio_fm_set_freq
        0  UART_Touch_process
       56  UART_arm_ACC_Send
             56 -> ARM_data_Send
       32  UART_get_version_process
             32 -> ARM_data_Send


   Section sizes:

   Bytes  Function/Label
   -----  --------------
       8  ?<Constant "0003">
       4  ??DataTable2
       4  ??DataTable2_1
       4  ??DataTable2_2
       4  ??DataTable2_3
       4  ??DataTable2_4
       4  ??DataTable2_5
       4  ??DataTable2_6
       4  ??DataTable2_7
       4  Touch_status
       1  Touch_valide_count
     274  UART_SRC_process
      12  UART_SetFM_process
      58  UART_Touch_process
      94  UART_arm_ACC_Send
     116  UART_get_version_process
       4  X_POS
       4  Y_POS
       4  g_src_flag1
       4  g_src_flag2

 
  21 bytes in section .bss
   8 bytes in section .rodata
 586 bytes in section .text
 
 586 bytes of CODE  memory
   8 bytes of CONST memory
  21 bytes of DATA  memory

Errors: none
Warnings: none
